#! c:/iverilog-x64/bin/vvp
:ivl_version "10.1 (stable)" "(v10_1_1)";
:ivl_delay_selection "TYPICAL";
:vpi_time_precision + 0;
:vpi_module "system";
:vpi_module "vhdl_sys";
:vpi_module "v2005_math";
:vpi_module "va_math";
S_000000000487fd30 .scope module, "tb_decoder" "tb_decoder" 2 3;
 .timescale 0 0;
v00000000048ef690_0 .var "en", 0 0;
v00000000048efd70_0 .var/i "i", 31 0;
v00000000048ee330_0 .var "in", 4 0;
v00000000048ee470_0 .net "out", 31 0, L_00000000048f90b0;  1 drivers
S_000000000482c840 .scope module, "dut" "decoder" 2 8, 3 1 0, S_000000000487fd30;
 .timescale 0 0;
    .port_info 0 /INPUT 5 "in"
    .port_info 1 /OUTPUT 32 "out"
    .port_info 2 /INPUT 1 "en"
v00000000048ee8d0_0 .net "dec", 3 0, L_00000000048ee5b0;  1 drivers
v00000000048eedd0_0 .net "en", 0 0, v00000000048ef690_0;  1 drivers
v00000000048ede30_0 .net "in", 4 0, v00000000048ee330_0;  1 drivers
v00000000048eda70_0 .net "out", 31 0, L_00000000048f90b0;  alias, 1 drivers
L_00000000048eef10 .part v00000000048ee330_0, 3, 2;
L_00000000048ee010 .part v00000000048ee330_0, 0, 3;
L_00000000048efcd0 .part L_00000000048ee5b0, 0, 1;
L_00000000048f0b30 .part v00000000048ee330_0, 0, 3;
L_00000000048f0950 .part L_00000000048ee5b0, 1, 1;
L_00000000048f7b70 .part v00000000048ee330_0, 0, 3;
L_00000000048f8a70 .part L_00000000048ee5b0, 2, 1;
L_00000000048f9ab0 .part v00000000048ee330_0, 0, 3;
L_00000000048f90b0 .concat8 [ 8 8 8 8], L_00000000048ef190, L_00000000048f0ef0, L_00000000048f7850, L_00000000048f8f70;
L_00000000048f9b50 .part L_00000000048ee5b0, 3, 1;
S_000000000482c9c0 .scope module, "fifth" "decoder3to8" 3 14, 3 18 0, S_000000000482c840;
 .timescale 0 0;
    .port_info 0 /INPUT 3 "in"
    .port_info 1 /OUTPUT 8 "out"
    .port_info 2 /INPUT 1 "en"
L_00000000048f6d80 .functor NOT 1, L_00000000048f7cb0, C4<0>, C4<0>, C4<0>;
L_00000000048f7250 .functor NOT 1, L_00000000048f7fd0, C4<0>, C4<0>, C4<0>;
L_00000000048f6fb0 .functor AND 1, L_00000000048f6d80, L_00000000048f7250, C4<1>, C4<1>;
L_00000000048f6840 .functor NOT 1, L_00000000048f8430, C4<0>, C4<0>, C4<0>;
L_00000000048f7020 .functor AND 1, L_00000000048f6fb0, L_00000000048f6840, C4<1>, C4<1>;
L_00000000048f68b0 .functor AND 1, L_00000000048f7020, L_00000000048f9b50, C4<1>, C4<1>;
L_00000000048f6c30 .functor NOT 1, L_00000000048f82f0, C4<0>, C4<0>, C4<0>;
L_00000000048f7410 .functor AND 1, L_00000000048f95b0, L_00000000048f6c30, C4<1>, C4<1>;
L_00000000048f75d0 .functor NOT 1, L_00000000048f8ed0, C4<0>, C4<0>, C4<0>;
L_00000000048f6990 .functor AND 1, L_00000000048f7410, L_00000000048f75d0, C4<1>, C4<1>;
L_00000000048f6a00 .functor AND 1, L_00000000048f6990, L_00000000048f9b50, C4<1>, C4<1>;
L_00000000048f6a70 .functor NOT 1, L_00000000048f9330, C4<0>, C4<0>, C4<0>;
L_00000000048f6b50 .functor AND 1, L_00000000048f6a70, L_00000000048f98d0, C4<1>, C4<1>;
L_00000000048f6ae0 .functor NOT 1, L_00000000048f9a10, C4<0>, C4<0>, C4<0>;
L_00000000048f6bc0 .functor AND 1, L_00000000048f6b50, L_00000000048f6ae0, C4<1>, C4<1>;
L_00000000048f6ca0 .functor AND 1, L_00000000048f6bc0, L_00000000048f9b50, C4<1>, C4<1>;
L_00000000048f6d10 .functor AND 1, L_00000000048f8610, L_00000000048f7710, C4<1>, C4<1>;
L_00000000048f51c0 .functor NOT 1, L_00000000048f8b10, C4<0>, C4<0>, C4<0>;
L_00000000048fd9c0 .functor AND 1, L_00000000048f6d10, L_00000000048f51c0, C4<1>, C4<1>;
L_00000000048fddb0 .functor AND 1, L_00000000048fd9c0, L_00000000048f9b50, C4<1>, C4<1>;
L_00000000048fd720 .functor NOT 1, L_00000000048f8070, C4<0>, C4<0>, C4<0>;
L_00000000048fdcd0 .functor NOT 1, L_00000000048f8250, C4<0>, C4<0>, C4<0>;
L_00000000048fe4b0 .functor AND 1, L_00000000048fd720, L_00000000048fdcd0, C4<1>, C4<1>;
L_00000000048fd790 .functor AND 1, L_00000000048fe4b0, L_00000000048f8c50, C4<1>, C4<1>;
L_00000000048fe1a0 .functor AND 1, L_00000000048fd790, L_00000000048f9b50, C4<1>, C4<1>;
L_00000000048fdbf0 .functor NOT 1, L_00000000048f84d0, C4<0>, C4<0>, C4<0>;
L_00000000048fe210 .functor AND 1, L_00000000048f9010, L_00000000048fdbf0, C4<1>, C4<1>;
L_00000000048fdd40 .functor AND 1, L_00000000048fe210, L_00000000048f9650, C4<1>, C4<1>;
L_00000000048fde20 .functor AND 1, L_00000000048fdd40, L_00000000048f9b50, C4<1>, C4<1>;
L_00000000048fde90 .functor NOT 1, L_00000000048f9790, C4<0>, C4<0>, C4<0>;
L_00000000048fe280 .functor AND 1, L_00000000048fde90, L_00000000048f8cf0, C4<1>, C4<1>;
L_00000000048fd800 .functor AND 1, L_00000000048fe280, L_00000000048f8e30, C4<1>, C4<1>;
L_00000000048fe600 .functor AND 1, L_00000000048fd800, L_00000000048f9b50, C4<1>, C4<1>;
L_00000000048fdf00 .functor AND 1, L_00000000048f7d50, L_00000000048f77b0, C4<1>, C4<1>;
L_00000000048fd870 .functor AND 1, L_00000000048fdf00, L_00000000048f9830, C4<1>, C4<1>;
L_00000000048fe590 .functor AND 1, L_00000000048fd870, L_00000000048f9b50, C4<1>, C4<1>;
v0000000004875290_0 .net *"_s10", 0 0, L_00000000048f6fb0;  1 drivers
v0000000004875330_0 .net *"_s101", 0 0, L_00000000048f9650;  1 drivers
v0000000004875470_0 .net *"_s102", 0 0, L_00000000048fdd40;  1 drivers
v0000000004875650_0 .net *"_s104", 0 0, L_00000000048fde20;  1 drivers
v00000000048756f0_0 .net *"_s109", 0 0, L_00000000048f9790;  1 drivers
v00000000048699c0_0 .net *"_s110", 0 0, L_00000000048fde90;  1 drivers
v0000000004868ac0_0 .net *"_s113", 0 0, L_00000000048f8cf0;  1 drivers
v0000000004868ca0_0 .net *"_s114", 0 0, L_00000000048fe280;  1 drivers
v0000000004849a80_0 .net *"_s117", 0 0, L_00000000048f8e30;  1 drivers
v0000000004858620_0 .net *"_s118", 0 0, L_00000000048fd800;  1 drivers
v00000000048d6db0_0 .net *"_s120", 0 0, L_00000000048fe600;  1 drivers
v00000000048d7350_0 .net *"_s126", 0 0, L_00000000048f7d50;  1 drivers
v00000000048d81b0_0 .net *"_s128", 0 0, L_00000000048f77b0;  1 drivers
v00000000048d6ef0_0 .net *"_s129", 0 0, L_00000000048fdf00;  1 drivers
v00000000048d7df0_0 .net *"_s13", 0 0, L_00000000048f8430;  1 drivers
v00000000048d82f0_0 .net *"_s132", 0 0, L_00000000048f9830;  1 drivers
v00000000048d86b0_0 .net *"_s133", 0 0, L_00000000048fd870;  1 drivers
v00000000048d7530_0 .net *"_s135", 0 0, L_00000000048fe590;  1 drivers
v00000000048d7170_0 .net *"_s14", 0 0, L_00000000048f6840;  1 drivers
v00000000048d75d0_0 .net *"_s16", 0 0, L_00000000048f7020;  1 drivers
v00000000048d77b0_0 .net *"_s18", 0 0, L_00000000048f68b0;  1 drivers
v00000000048d7850_0 .net *"_s23", 0 0, L_00000000048f95b0;  1 drivers
v00000000048d78f0_0 .net *"_s25", 0 0, L_00000000048f82f0;  1 drivers
v00000000048d8390_0 .net *"_s26", 0 0, L_00000000048f6c30;  1 drivers
v00000000048d72b0_0 .net *"_s28", 0 0, L_00000000048f7410;  1 drivers
v00000000048d6e50_0 .net *"_s3", 0 0, L_00000000048f7cb0;  1 drivers
v00000000048d8430_0 .net *"_s31", 0 0, L_00000000048f8ed0;  1 drivers
v00000000048d73f0_0 .net *"_s32", 0 0, L_00000000048f75d0;  1 drivers
v00000000048d6d10_0 .net *"_s34", 0 0, L_00000000048f6990;  1 drivers
v00000000048d7a30_0 .net *"_s36", 0 0, L_00000000048f6a00;  1 drivers
v00000000048d7490_0 .net *"_s4", 0 0, L_00000000048f6d80;  1 drivers
v00000000048d7670_0 .net *"_s41", 0 0, L_00000000048f9330;  1 drivers
v00000000048d7710_0 .net *"_s42", 0 0, L_00000000048f6a70;  1 drivers
v00000000048d7c10_0 .net *"_s45", 0 0, L_00000000048f98d0;  1 drivers
v00000000048d7e90_0 .net *"_s46", 0 0, L_00000000048f6b50;  1 drivers
v00000000048d7990_0 .net *"_s49", 0 0, L_00000000048f9a10;  1 drivers
v00000000048d87f0_0 .net *"_s50", 0 0, L_00000000048f6ae0;  1 drivers
v00000000048d6f90_0 .net *"_s52", 0 0, L_00000000048f6bc0;  1 drivers
v00000000048d7030_0 .net *"_s54", 0 0, L_00000000048f6ca0;  1 drivers
v00000000048d84d0_0 .net *"_s59", 0 0, L_00000000048f8610;  1 drivers
v00000000048d7f30_0 .net *"_s61", 0 0, L_00000000048f7710;  1 drivers
v00000000048d6c70_0 .net *"_s62", 0 0, L_00000000048f6d10;  1 drivers
v00000000048d7ad0_0 .net *"_s65", 0 0, L_00000000048f8b10;  1 drivers
v00000000048d7fd0_0 .net *"_s66", 0 0, L_00000000048f51c0;  1 drivers
v00000000048d8750_0 .net *"_s68", 0 0, L_00000000048fd9c0;  1 drivers
v00000000048d6bd0_0 .net *"_s7", 0 0, L_00000000048f7fd0;  1 drivers
v00000000048d89d0_0 .net *"_s70", 0 0, L_00000000048fddb0;  1 drivers
v00000000048d70d0_0 .net *"_s75", 0 0, L_00000000048f8070;  1 drivers
v00000000048d8610_0 .net *"_s76", 0 0, L_00000000048fd720;  1 drivers
v00000000048d7b70_0 .net *"_s79", 0 0, L_00000000048f8250;  1 drivers
v00000000048d8070_0 .net *"_s8", 0 0, L_00000000048f7250;  1 drivers
v00000000048d7210_0 .net *"_s80", 0 0, L_00000000048fdcd0;  1 drivers
v00000000048d7cb0_0 .net *"_s82", 0 0, L_00000000048fe4b0;  1 drivers
v00000000048d8110_0 .net *"_s85", 0 0, L_00000000048f8c50;  1 drivers
v00000000048d7d50_0 .net *"_s86", 0 0, L_00000000048fd790;  1 drivers
v00000000048d8250_0 .net *"_s88", 0 0, L_00000000048fe1a0;  1 drivers
v00000000048d8930_0 .net *"_s93", 0 0, L_00000000048f9010;  1 drivers
v00000000048d8890_0 .net *"_s95", 0 0, L_00000000048f84d0;  1 drivers
v00000000048d8a70_0 .net *"_s96", 0 0, L_00000000048fdbf0;  1 drivers
v00000000048d8570_0 .net *"_s98", 0 0, L_00000000048fe210;  1 drivers
v00000000048d9c20_0 .net "en", 0 0, L_00000000048f9b50;  1 drivers
v00000000048da260_0 .net "in", 2 0, L_00000000048f9ab0;  1 drivers
v00000000048d9860_0 .net "out", 7 0, L_00000000048f8f70;  1 drivers
L_00000000048f7cb0 .part L_00000000048f9ab0, 0, 1;
L_00000000048f7fd0 .part L_00000000048f9ab0, 1, 1;
L_00000000048f8430 .part L_00000000048f9ab0, 2, 1;
L_00000000048f95b0 .part L_00000000048f9ab0, 0, 1;
L_00000000048f82f0 .part L_00000000048f9ab0, 1, 1;
L_00000000048f8ed0 .part L_00000000048f9ab0, 2, 1;
L_00000000048f9330 .part L_00000000048f9ab0, 0, 1;
L_00000000048f98d0 .part L_00000000048f9ab0, 1, 1;
L_00000000048f9a10 .part L_00000000048f9ab0, 2, 1;
L_00000000048f8610 .part L_00000000048f9ab0, 0, 1;
L_00000000048f7710 .part L_00000000048f9ab0, 1, 1;
L_00000000048f8b10 .part L_00000000048f9ab0, 2, 1;
L_00000000048f8070 .part L_00000000048f9ab0, 0, 1;
L_00000000048f8250 .part L_00000000048f9ab0, 1, 1;
L_00000000048f8c50 .part L_00000000048f9ab0, 2, 1;
L_00000000048f9010 .part L_00000000048f9ab0, 0, 1;
L_00000000048f84d0 .part L_00000000048f9ab0, 1, 1;
L_00000000048f9650 .part L_00000000048f9ab0, 2, 1;
L_00000000048f9790 .part L_00000000048f9ab0, 0, 1;
L_00000000048f8cf0 .part L_00000000048f9ab0, 1, 1;
L_00000000048f8e30 .part L_00000000048f9ab0, 2, 1;
LS_00000000048f8f70_0_0 .concat8 [ 1 1 1 1], L_00000000048f68b0, L_00000000048f6a00, L_00000000048f6ca0, L_00000000048fddb0;
LS_00000000048f8f70_0_4 .concat8 [ 1 1 1 1], L_00000000048fe1a0, L_00000000048fde20, L_00000000048fe600, L_00000000048fe590;
L_00000000048f8f70 .concat8 [ 4 4 0 0], LS_00000000048f8f70_0_0, LS_00000000048f8f70_0_4;
L_00000000048f7d50 .part L_00000000048f9ab0, 0, 1;
L_00000000048f77b0 .part L_00000000048f9ab0, 1, 1;
L_00000000048f9830 .part L_00000000048f9ab0, 2, 1;
S_00000000047f2890 .scope module, "first" "decoder2to4" 3 9, 3 35 0, S_000000000482c840;
 .timescale 0 0;
    .port_info 0 /INPUT 2 "in"
    .port_info 1 /OUTPUT 4 "out"
    .port_info 2 /INPUT 1 "en"
L_00000000048dd000 .functor AND 1, L_00000000048eec90, L_00000000048ee790, C4<1>, C4<1>;
L_00000000048ddb60 .functor AND 1, L_00000000048dd000, v00000000048ef690_0, C4<1>, C4<1>;
L_00000000048ddd20 .functor NOT 1, L_00000000048efe10, C4<0>, C4<0>, C4<0>;
L_00000000048ddcb0 .functor AND 1, L_00000000048ddd20, L_00000000048ef230, C4<1>, C4<1>;
L_00000000048dd620 .functor AND 1, L_00000000048ddcb0, v00000000048ef690_0, C4<1>, C4<1>;
L_00000000048ddd90 .functor NOT 1, L_00000000048eded0, C4<0>, C4<0>, C4<0>;
L_00000000048dde00 .functor AND 1, L_00000000048ed890, L_00000000048ddd90, C4<1>, C4<1>;
L_00000000048dd380 .functor AND 1, L_00000000048dde00, v00000000048ef690_0, C4<1>, C4<1>;
L_00000000048dd070 .functor NOT 1, L_00000000048edbb0, C4<0>, C4<0>, C4<0>;
L_00000000048ddbd0 .functor NOT 1, L_00000000048eee70, C4<0>, C4<0>, C4<0>;
L_00000000048dd0e0 .functor AND 1, L_00000000048dd070, L_00000000048ddbd0, C4<1>, C4<1>;
L_00000000048dde70 .functor AND 1, L_00000000048dd0e0, v00000000048ef690_0, C4<1>, C4<1>;
v00000000048d9680_0 .net *"_s13", 0 0, L_00000000048efe10;  1 drivers
v00000000048d95e0_0 .net *"_s14", 0 0, L_00000000048ddd20;  1 drivers
v00000000048d9220_0 .net *"_s17", 0 0, L_00000000048ef230;  1 drivers
v00000000048d9720_0 .net *"_s18", 0 0, L_00000000048ddcb0;  1 drivers
v00000000048d9360_0 .net *"_s20", 0 0, L_00000000048dd620;  1 drivers
v00000000048d97c0_0 .net *"_s25", 0 0, L_00000000048ed890;  1 drivers
v00000000048d92c0_0 .net *"_s27", 0 0, L_00000000048eded0;  1 drivers
v00000000048da8a0_0 .net *"_s28", 0 0, L_00000000048ddd90;  1 drivers
v00000000048d8e60_0 .net *"_s3", 0 0, L_00000000048eec90;  1 drivers
v00000000048d9cc0_0 .net *"_s30", 0 0, L_00000000048dde00;  1 drivers
v00000000048da580_0 .net *"_s32", 0 0, L_00000000048dd380;  1 drivers
v00000000048d9900_0 .net *"_s38", 0 0, L_00000000048edbb0;  1 drivers
v00000000048d9d60_0 .net *"_s39", 0 0, L_00000000048dd070;  1 drivers
v00000000048d9ea0_0 .net *"_s42", 0 0, L_00000000048eee70;  1 drivers
v00000000048d9400_0 .net *"_s43", 0 0, L_00000000048ddbd0;  1 drivers
v00000000048da620_0 .net *"_s45", 0 0, L_00000000048dd0e0;  1 drivers
v00000000048da120_0 .net *"_s47", 0 0, L_00000000048dde70;  1 drivers
v00000000048d9e00_0 .net *"_s5", 0 0, L_00000000048ee790;  1 drivers
v00000000048da1c0_0 .net *"_s6", 0 0, L_00000000048dd000;  1 drivers
v00000000048d8f00_0 .net *"_s8", 0 0, L_00000000048ddb60;  1 drivers
v00000000048da3a0_0 .net "en", 0 0, v00000000048ef690_0;  alias, 1 drivers
v00000000048d99a0_0 .net "in", 1 0, L_00000000048eef10;  1 drivers
v00000000048d9a40_0 .net "out", 3 0, L_00000000048ee5b0;  alias, 1 drivers
L_00000000048eec90 .part L_00000000048eef10, 0, 1;
L_00000000048ee790 .part L_00000000048eef10, 1, 1;
L_00000000048efe10 .part L_00000000048eef10, 0, 1;
L_00000000048ef230 .part L_00000000048eef10, 1, 1;
L_00000000048ed890 .part L_00000000048eef10, 0, 1;
L_00000000048eded0 .part L_00000000048eef10, 1, 1;
L_00000000048ee5b0 .concat8 [ 1 1 1 1], L_00000000048dde70, L_00000000048dd380, L_00000000048dd620, L_00000000048ddb60;
L_00000000048edbb0 .part L_00000000048eef10, 0, 1;
L_00000000048eee70 .part L_00000000048eef10, 1, 1;
S_00000000047f2a10 .scope module, "fourth" "decoder3to8" 3 13, 3 18 0, S_000000000482c840;
 .timescale 0 0;
    .port_info 0 /INPUT 3 "in"
    .port_info 1 /OUTPUT 8 "out"
    .port_info 2 /INPUT 1 "en"
L_00000000048f4a50 .functor NOT 1, L_00000000048f0a90, C4<0>, C4<0>, C4<0>;
L_00000000048f4f90 .functor NOT 1, L_00000000048f0c70, C4<0>, C4<0>, C4<0>;
L_00000000048f5460 .functor AND 1, L_00000000048f4a50, L_00000000048f4f90, C4<1>, C4<1>;
L_00000000048f5380 .functor NOT 1, L_00000000048f0270, C4<0>, C4<0>, C4<0>;
L_00000000048f4ac0 .functor AND 1, L_00000000048f5460, L_00000000048f5380, C4<1>, C4<1>;
L_00000000048f4c80 .functor AND 1, L_00000000048f4ac0, L_00000000048f8a70, C4<1>, C4<1>;
L_00000000048f4740 .functor NOT 1, L_00000000048f0e50, C4<0>, C4<0>, C4<0>;
L_00000000048f5000 .functor AND 1, L_00000000048f0db0, L_00000000048f4740, C4<1>, C4<1>;
L_00000000048f54d0 .functor NOT 1, L_00000000048f1490, C4<0>, C4<0>, C4<0>;
L_00000000048f4820 .functor AND 1, L_00000000048f5000, L_00000000048f54d0, C4<1>, C4<1>;
L_00000000048f4970 .functor AND 1, L_00000000048f4820, L_00000000048f8a70, C4<1>, C4<1>;
L_00000000048f4cf0 .functor NOT 1, L_00000000048f12b0, C4<0>, C4<0>, C4<0>;
L_00000000048f5070 .functor AND 1, L_00000000048f4cf0, L_00000000048f1350, C4<1>, C4<1>;
L_00000000048f4d60 .functor NOT 1, L_00000000048f0450, C4<0>, C4<0>, C4<0>;
L_00000000048f50e0 .functor AND 1, L_00000000048f5070, L_00000000048f4d60, C4<1>, C4<1>;
L_00000000048f49e0 .functor AND 1, L_00000000048f50e0, L_00000000048f8a70, C4<1>, C4<1>;
L_00000000048f5150 .functor AND 1, L_00000000048f0f90, L_00000000048f1530, C4<1>, C4<1>;
L_00000000048f5230 .functor NOT 1, L_00000000048eff50, C4<0>, C4<0>, C4<0>;
L_00000000048f22f0 .functor AND 1, L_00000000048f5150, L_00000000048f5230, C4<1>, C4<1>;
L_00000000048f66f0 .functor AND 1, L_00000000048f22f0, L_00000000048f8a70, C4<1>, C4<1>;
L_00000000048f6ed0 .functor NOT 1, L_00000000048f0130, C4<0>, C4<0>, C4<0>;
L_00000000048f7100 .functor NOT 1, L_00000000048f0310, C4<0>, C4<0>, C4<0>;
L_00000000048f6760 .functor AND 1, L_00000000048f6ed0, L_00000000048f7100, C4<1>, C4<1>;
L_00000000048f7560 .functor AND 1, L_00000000048f6760, L_00000000048f03b0, C4<1>, C4<1>;
L_00000000048f7090 .functor AND 1, L_00000000048f7560, L_00000000048f8a70, C4<1>, C4<1>;
L_00000000048f6920 .functor NOT 1, L_00000000048f9510, C4<0>, C4<0>, C4<0>;
L_00000000048f6e60 .functor AND 1, L_00000000048f96f0, L_00000000048f6920, C4<1>, C4<1>;
L_00000000048f6f40 .functor AND 1, L_00000000048f6e60, L_00000000048f9470, C4<1>, C4<1>;
L_00000000048f72c0 .functor AND 1, L_00000000048f6f40, L_00000000048f8a70, C4<1>, C4<1>;
L_00000000048f7170 .functor NOT 1, L_00000000048f9970, C4<0>, C4<0>, C4<0>;
L_00000000048f7480 .functor AND 1, L_00000000048f7170, L_00000000048f7a30, C4<1>, C4<1>;
L_00000000048f74f0 .functor AND 1, L_00000000048f7480, L_00000000048f7ad0, C4<1>, C4<1>;
L_00000000048f67d0 .functor AND 1, L_00000000048f74f0, L_00000000048f8a70, C4<1>, C4<1>;
L_00000000048f7330 .functor AND 1, L_00000000048f8570, L_00000000048f8bb0, C4<1>, C4<1>;
L_00000000048f73a0 .functor AND 1, L_00000000048f7330, L_00000000048f86b0, C4<1>, C4<1>;
L_00000000048f71e0 .functor AND 1, L_00000000048f73a0, L_00000000048f8a70, C4<1>, C4<1>;
v00000000048d9b80_0 .net *"_s10", 0 0, L_00000000048f5460;  1 drivers
v00000000048d9ae0_0 .net *"_s101", 0 0, L_00000000048f9470;  1 drivers
v00000000048d9f40_0 .net *"_s102", 0 0, L_00000000048f6f40;  1 drivers
v00000000048daa80_0 .net *"_s104", 0 0, L_00000000048f72c0;  1 drivers
v00000000048da300_0 .net *"_s109", 0 0, L_00000000048f9970;  1 drivers
v00000000048d94a0_0 .net *"_s110", 0 0, L_00000000048f7170;  1 drivers
v00000000048d8d20_0 .net *"_s113", 0 0, L_00000000048f7a30;  1 drivers
v00000000048d9fe0_0 .net *"_s114", 0 0, L_00000000048f7480;  1 drivers
v00000000048d9540_0 .net *"_s117", 0 0, L_00000000048f7ad0;  1 drivers
v00000000048da080_0 .net *"_s118", 0 0, L_00000000048f74f0;  1 drivers
v00000000048da440_0 .net *"_s120", 0 0, L_00000000048f67d0;  1 drivers
v00000000048da4e0_0 .net *"_s126", 0 0, L_00000000048f8570;  1 drivers
v00000000048d8be0_0 .net *"_s128", 0 0, L_00000000048f8bb0;  1 drivers
v00000000048da6c0_0 .net *"_s129", 0 0, L_00000000048f7330;  1 drivers
v00000000048da800_0 .net *"_s13", 0 0, L_00000000048f0270;  1 drivers
v00000000048da760_0 .net *"_s132", 0 0, L_00000000048f86b0;  1 drivers
v00000000048da940_0 .net *"_s133", 0 0, L_00000000048f73a0;  1 drivers
v00000000048da9e0_0 .net *"_s135", 0 0, L_00000000048f71e0;  1 drivers
v00000000048d8fa0_0 .net *"_s14", 0 0, L_00000000048f5380;  1 drivers
v00000000048d8c80_0 .net *"_s16", 0 0, L_00000000048f4ac0;  1 drivers
v00000000048d8dc0_0 .net *"_s18", 0 0, L_00000000048f4c80;  1 drivers
v00000000048d9040_0 .net *"_s23", 0 0, L_00000000048f0db0;  1 drivers
v00000000048d90e0_0 .net *"_s25", 0 0, L_00000000048f0e50;  1 drivers
v00000000048d9180_0 .net *"_s26", 0 0, L_00000000048f4740;  1 drivers
v00000000048db4b0_0 .net *"_s28", 0 0, L_00000000048f5000;  1 drivers
v00000000048db0f0_0 .net *"_s3", 0 0, L_00000000048f0a90;  1 drivers
v00000000048db050_0 .net *"_s31", 0 0, L_00000000048f1490;  1 drivers
v00000000048db7d0_0 .net *"_s32", 0 0, L_00000000048f54d0;  1 drivers
v00000000048dc590_0 .net *"_s34", 0 0, L_00000000048f4820;  1 drivers
v00000000048dc450_0 .net *"_s36", 0 0, L_00000000048f4970;  1 drivers
v00000000048dae70_0 .net *"_s4", 0 0, L_00000000048f4a50;  1 drivers
v00000000048dc630_0 .net *"_s41", 0 0, L_00000000048f12b0;  1 drivers
v00000000048dabf0_0 .net *"_s42", 0 0, L_00000000048f4cf0;  1 drivers
v00000000048db190_0 .net *"_s45", 0 0, L_00000000048f1350;  1 drivers
v00000000048dadd0_0 .net *"_s46", 0 0, L_00000000048f5070;  1 drivers
v00000000048daf10_0 .net *"_s49", 0 0, L_00000000048f0450;  1 drivers
v00000000048db410_0 .net *"_s50", 0 0, L_00000000048f4d60;  1 drivers
v00000000048db730_0 .net *"_s52", 0 0, L_00000000048f50e0;  1 drivers
v00000000048dbb90_0 .net *"_s54", 0 0, L_00000000048f49e0;  1 drivers
v00000000048dac90_0 .net *"_s59", 0 0, L_00000000048f0f90;  1 drivers
v00000000048db910_0 .net *"_s61", 0 0, L_00000000048f1530;  1 drivers
v00000000048db230_0 .net *"_s62", 0 0, L_00000000048f5150;  1 drivers
v00000000048dba50_0 .net *"_s65", 0 0, L_00000000048eff50;  1 drivers
v00000000048db870_0 .net *"_s66", 0 0, L_00000000048f5230;  1 drivers
v00000000048dafb0_0 .net *"_s68", 0 0, L_00000000048f22f0;  1 drivers
v00000000048dc1d0_0 .net *"_s7", 0 0, L_00000000048f0c70;  1 drivers
v00000000048db9b0_0 .net *"_s70", 0 0, L_00000000048f66f0;  1 drivers
v00000000048dbaf0_0 .net *"_s75", 0 0, L_00000000048f0130;  1 drivers
v00000000048db550_0 .net *"_s76", 0 0, L_00000000048f6ed0;  1 drivers
v00000000048dad30_0 .net *"_s79", 0 0, L_00000000048f0310;  1 drivers
v00000000048dbd70_0 .net *"_s8", 0 0, L_00000000048f4f90;  1 drivers
v00000000048db2d0_0 .net *"_s80", 0 0, L_00000000048f7100;  1 drivers
v00000000048dc270_0 .net *"_s82", 0 0, L_00000000048f6760;  1 drivers
v00000000048dc310_0 .net *"_s85", 0 0, L_00000000048f03b0;  1 drivers
v00000000048dbe10_0 .net *"_s86", 0 0, L_00000000048f7560;  1 drivers
v00000000048dc6d0_0 .net *"_s88", 0 0, L_00000000048f7090;  1 drivers
v00000000048dc3b0_0 .net *"_s93", 0 0, L_00000000048f96f0;  1 drivers
v00000000048dc770_0 .net *"_s95", 0 0, L_00000000048f9510;  1 drivers
v00000000048db370_0 .net *"_s96", 0 0, L_00000000048f6920;  1 drivers
v00000000048db5f0_0 .net *"_s98", 0 0, L_00000000048f6e60;  1 drivers
v00000000048db690_0 .net "en", 0 0, L_00000000048f8a70;  1 drivers
v00000000048dbc30_0 .net "in", 2 0, L_00000000048f7b70;  1 drivers
v00000000048dbcd0_0 .net "out", 7 0, L_00000000048f7850;  1 drivers
L_00000000048f0a90 .part L_00000000048f7b70, 0, 1;
L_00000000048f0c70 .part L_00000000048f7b70, 1, 1;
L_00000000048f0270 .part L_00000000048f7b70, 2, 1;
L_00000000048f0db0 .part L_00000000048f7b70, 0, 1;
L_00000000048f0e50 .part L_00000000048f7b70, 1, 1;
L_00000000048f1490 .part L_00000000048f7b70, 2, 1;
L_00000000048f12b0 .part L_00000000048f7b70, 0, 1;
L_00000000048f1350 .part L_00000000048f7b70, 1, 1;
L_00000000048f0450 .part L_00000000048f7b70, 2, 1;
L_00000000048f0f90 .part L_00000000048f7b70, 0, 1;
L_00000000048f1530 .part L_00000000048f7b70, 1, 1;
L_00000000048eff50 .part L_00000000048f7b70, 2, 1;
L_00000000048f0130 .part L_00000000048f7b70, 0, 1;
L_00000000048f0310 .part L_00000000048f7b70, 1, 1;
L_00000000048f03b0 .part L_00000000048f7b70, 2, 1;
L_00000000048f96f0 .part L_00000000048f7b70, 0, 1;
L_00000000048f9510 .part L_00000000048f7b70, 1, 1;
L_00000000048f9470 .part L_00000000048f7b70, 2, 1;
L_00000000048f9970 .part L_00000000048f7b70, 0, 1;
L_00000000048f7a30 .part L_00000000048f7b70, 1, 1;
L_00000000048f7ad0 .part L_00000000048f7b70, 2, 1;
LS_00000000048f7850_0_0 .concat8 [ 1 1 1 1], L_00000000048f4c80, L_00000000048f4970, L_00000000048f49e0, L_00000000048f66f0;
LS_00000000048f7850_0_4 .concat8 [ 1 1 1 1], L_00000000048f7090, L_00000000048f72c0, L_00000000048f67d0, L_00000000048f71e0;
L_00000000048f7850 .concat8 [ 4 4 0 0], LS_00000000048f7850_0_0, LS_00000000048f7850_0_4;
L_00000000048f8570 .part L_00000000048f7b70, 0, 1;
L_00000000048f8bb0 .part L_00000000048f7b70, 1, 1;
L_00000000048f86b0 .part L_00000000048f7b70, 2, 1;
S_00000000048803f0 .scope module, "second" "decoder3to8" 3 11, 3 18 0, S_000000000482c840;
 .timescale 0 0;
    .port_info 0 /INPUT 3 "in"
    .port_info 1 /OUTPUT 8 "out"
    .port_info 2 /INPUT 1 "en"
L_00000000048dd700 .functor NOT 1, L_00000000048ef370, C4<0>, C4<0>, C4<0>;
L_00000000048dd3f0 .functor NOT 1, L_00000000048ed930, C4<0>, C4<0>, C4<0>;
L_00000000048dd4d0 .functor AND 1, L_00000000048dd700, L_00000000048dd3f0, C4<1>, C4<1>;
L_00000000048dd460 .functor NOT 1, L_00000000048ef870, C4<0>, C4<0>, C4<0>;
L_00000000048dd690 .functor AND 1, L_00000000048dd4d0, L_00000000048dd460, C4<1>, C4<1>;
L_00000000048dd150 .functor AND 1, L_00000000048dd690, L_00000000048efcd0, C4<1>, C4<1>;
L_00000000048dd8c0 .functor NOT 1, L_00000000048ef9b0, C4<0>, C4<0>, C4<0>;
L_00000000048dd310 .functor AND 1, L_00000000048ee650, L_00000000048dd8c0, C4<1>, C4<1>;
L_00000000048dd850 .functor NOT 1, L_00000000048edc50, C4<0>, C4<0>, C4<0>;
L_00000000048dd9a0 .functor AND 1, L_00000000048dd310, L_00000000048dd850, C4<1>, C4<1>;
L_00000000048ddee0 .functor AND 1, L_00000000048dd9a0, L_00000000048efcd0, C4<1>, C4<1>;
L_00000000048dd540 .functor NOT 1, L_00000000048eefb0, C4<0>, C4<0>, C4<0>;
L_00000000048dd7e0 .functor AND 1, L_00000000048dd540, L_00000000048ee6f0, C4<1>, C4<1>;
L_00000000048dd1c0 .functor NOT 1, L_00000000048ef5f0, C4<0>, C4<0>, C4<0>;
L_00000000048dd230 .functor AND 1, L_00000000048dd7e0, L_00000000048dd1c0, C4<1>, C4<1>;
L_00000000048dda10 .functor AND 1, L_00000000048dd230, L_00000000048efcd0, C4<1>, C4<1>;
L_00000000048dda80 .functor AND 1, L_00000000048efc30, L_00000000048ee830, C4<1>, C4<1>;
L_00000000048dd770 .functor NOT 1, L_00000000048ee970, C4<0>, C4<0>, C4<0>;
L_00000000048dd2a0 .functor AND 1, L_00000000048dda80, L_00000000048dd770, C4<1>, C4<1>;
L_00000000048ddaf0 .functor AND 1, L_00000000048dd2a0, L_00000000048efcd0, C4<1>, C4<1>;
L_00000000048ddc40 .functor NOT 1, L_00000000048ef410, C4<0>, C4<0>, C4<0>;
L_00000000048dd930 .functor NOT 1, L_00000000048edb10, C4<0>, C4<0>, C4<0>;
L_00000000048f1db0 .functor AND 1, L_00000000048ddc40, L_00000000048dd930, C4<1>, C4<1>;
L_00000000048f1aa0 .functor AND 1, L_00000000048f1db0, L_00000000048eeab0, C4<1>, C4<1>;
L_00000000048f1720 .functor AND 1, L_00000000048f1aa0, L_00000000048efcd0, C4<1>, C4<1>;
L_00000000048f2520 .functor NOT 1, L_00000000048ee1f0, C4<0>, C4<0>, C4<0>;
L_00000000048f1e20 .functor AND 1, L_00000000048ef050, L_00000000048f2520, C4<1>, C4<1>;
L_00000000048f1e90 .functor AND 1, L_00000000048f1e20, L_00000000048ef0f0, C4<1>, C4<1>;
L_00000000048f1d40 .functor AND 1, L_00000000048f1e90, L_00000000048efcd0, C4<1>, C4<1>;
L_00000000048f1790 .functor NOT 1, L_00000000048efa50, C4<0>, C4<0>, C4<0>;
L_00000000048f1c60 .functor AND 1, L_00000000048f1790, L_00000000048edcf0, C4<1>, C4<1>;
L_00000000048f19c0 .functor AND 1, L_00000000048f1c60, L_00000000048edf70, C4<1>, C4<1>;
L_00000000048f1bf0 .functor AND 1, L_00000000048f19c0, L_00000000048efcd0, C4<1>, C4<1>;
L_00000000048f21a0 .functor AND 1, L_00000000048ef4b0, L_00000000048efaf0, C4<1>, C4<1>;
L_00000000048f2210 .functor AND 1, L_00000000048f21a0, L_00000000048ee290, C4<1>, C4<1>;
L_00000000048f1a30 .functor AND 1, L_00000000048f2210, L_00000000048efcd0, C4<1>, C4<1>;
v00000000048dbeb0_0 .net *"_s10", 0 0, L_00000000048dd4d0;  1 drivers
v00000000048dbf50_0 .net *"_s101", 0 0, L_00000000048ef0f0;  1 drivers
v00000000048dbff0_0 .net *"_s102", 0 0, L_00000000048f1e90;  1 drivers
v00000000048dc090_0 .net *"_s104", 0 0, L_00000000048f1d40;  1 drivers
v00000000048dc130_0 .net *"_s109", 0 0, L_00000000048efa50;  1 drivers
v00000000048dc4f0_0 .net *"_s110", 0 0, L_00000000048f1790;  1 drivers
v00000000048dc810_0 .net *"_s113", 0 0, L_00000000048edcf0;  1 drivers
v00000000048dc8b0_0 .net *"_s114", 0 0, L_00000000048f1c60;  1 drivers
v00000000048dc950_0 .net *"_s117", 0 0, L_00000000048edf70;  1 drivers
v00000000048dc9f0_0 .net *"_s118", 0 0, L_00000000048f19c0;  1 drivers
v00000000048dca90_0 .net *"_s120", 0 0, L_00000000048f1bf0;  1 drivers
v00000000048e2660_0 .net *"_s126", 0 0, L_00000000048ef4b0;  1 drivers
v00000000048e05e0_0 .net *"_s128", 0 0, L_00000000048efaf0;  1 drivers
v00000000048e1260_0 .net *"_s129", 0 0, L_00000000048f21a0;  1 drivers
v00000000048e0a40_0 .net *"_s13", 0 0, L_00000000048ef870;  1 drivers
v00000000048e2200_0 .net *"_s132", 0 0, L_00000000048ee290;  1 drivers
v00000000048e2160_0 .net *"_s133", 0 0, L_00000000048f2210;  1 drivers
v00000000048e1ee0_0 .net *"_s135", 0 0, L_00000000048f1a30;  1 drivers
v00000000048e0ae0_0 .net *"_s14", 0 0, L_00000000048dd460;  1 drivers
v00000000048e02c0_0 .net *"_s16", 0 0, L_00000000048dd690;  1 drivers
v00000000048e1300_0 .net *"_s18", 0 0, L_00000000048dd150;  1 drivers
v00000000048e09a0_0 .net *"_s23", 0 0, L_00000000048ee650;  1 drivers
v00000000048e0b80_0 .net *"_s25", 0 0, L_00000000048ef9b0;  1 drivers
v00000000048e0ea0_0 .net *"_s26", 0 0, L_00000000048dd8c0;  1 drivers
v00000000048e1620_0 .net *"_s28", 0 0, L_00000000048dd310;  1 drivers
v00000000048e1800_0 .net *"_s3", 0 0, L_00000000048ef370;  1 drivers
v00000000048e0f40_0 .net *"_s31", 0 0, L_00000000048edc50;  1 drivers
v00000000048e2520_0 .net *"_s32", 0 0, L_00000000048dd850;  1 drivers
v00000000048e0680_0 .net *"_s34", 0 0, L_00000000048dd9a0;  1 drivers
v00000000048e04a0_0 .net *"_s36", 0 0, L_00000000048ddee0;  1 drivers
v00000000048e22a0_0 .net *"_s4", 0 0, L_00000000048dd700;  1 drivers
v00000000048e18a0_0 .net *"_s41", 0 0, L_00000000048eefb0;  1 drivers
v00000000048e0180_0 .net *"_s42", 0 0, L_00000000048dd540;  1 drivers
v00000000048e13a0_0 .net *"_s45", 0 0, L_00000000048ee6f0;  1 drivers
v00000000048e1940_0 .net *"_s46", 0 0, L_00000000048dd7e0;  1 drivers
v00000000048e23e0_0 .net *"_s49", 0 0, L_00000000048ef5f0;  1 drivers
v00000000048e00e0_0 .net *"_s50", 0 0, L_00000000048dd1c0;  1 drivers
v00000000048e2340_0 .net *"_s52", 0 0, L_00000000048dd230;  1 drivers
v00000000048e0cc0_0 .net *"_s54", 0 0, L_00000000048dda10;  1 drivers
v00000000048e07c0_0 .net *"_s59", 0 0, L_00000000048efc30;  1 drivers
v00000000048e0720_0 .net *"_s61", 0 0, L_00000000048ee830;  1 drivers
v00000000048e1080_0 .net *"_s62", 0 0, L_00000000048dda80;  1 drivers
v00000000048e2480_0 .net *"_s65", 0 0, L_00000000048ee970;  1 drivers
v00000000048e2020_0 .net *"_s66", 0 0, L_00000000048dd770;  1 drivers
v00000000048e0540_0 .net *"_s68", 0 0, L_00000000048dd2a0;  1 drivers
v00000000048e25c0_0 .net *"_s7", 0 0, L_00000000048ed930;  1 drivers
v00000000048e0220_0 .net *"_s70", 0 0, L_00000000048ddaf0;  1 drivers
v00000000048e0860_0 .net *"_s75", 0 0, L_00000000048ef410;  1 drivers
v00000000048e0360_0 .net *"_s76", 0 0, L_00000000048ddc40;  1 drivers
v00000000048e0400_0 .net *"_s79", 0 0, L_00000000048edb10;  1 drivers
v00000000048e0c20_0 .net *"_s8", 0 0, L_00000000048dd3f0;  1 drivers
v00000000048e0fe0_0 .net *"_s80", 0 0, L_00000000048dd930;  1 drivers
v00000000048e1440_0 .net *"_s82", 0 0, L_00000000048f1db0;  1 drivers
v00000000048e0900_0 .net *"_s85", 0 0, L_00000000048eeab0;  1 drivers
v00000000048e1120_0 .net *"_s86", 0 0, L_00000000048f1aa0;  1 drivers
v00000000048e0d60_0 .net *"_s88", 0 0, L_00000000048f1720;  1 drivers
v00000000048e11c0_0 .net *"_s93", 0 0, L_00000000048ef050;  1 drivers
v00000000048e14e0_0 .net *"_s95", 0 0, L_00000000048ee1f0;  1 drivers
v00000000048e0e00_0 .net *"_s96", 0 0, L_00000000048f2520;  1 drivers
v00000000048e1bc0_0 .net *"_s98", 0 0, L_00000000048f1e20;  1 drivers
v00000000048e1580_0 .net "en", 0 0, L_00000000048efcd0;  1 drivers
v00000000048e16c0_0 .net "in", 2 0, L_00000000048ee010;  1 drivers
v00000000048e1760_0 .net "out", 7 0, L_00000000048ef190;  1 drivers
L_00000000048ef370 .part L_00000000048ee010, 0, 1;
L_00000000048ed930 .part L_00000000048ee010, 1, 1;
L_00000000048ef870 .part L_00000000048ee010, 2, 1;
L_00000000048ee650 .part L_00000000048ee010, 0, 1;
L_00000000048ef9b0 .part L_00000000048ee010, 1, 1;
L_00000000048edc50 .part L_00000000048ee010, 2, 1;
L_00000000048eefb0 .part L_00000000048ee010, 0, 1;
L_00000000048ee6f0 .part L_00000000048ee010, 1, 1;
L_00000000048ef5f0 .part L_00000000048ee010, 2, 1;
L_00000000048efc30 .part L_00000000048ee010, 0, 1;
L_00000000048ee830 .part L_00000000048ee010, 1, 1;
L_00000000048ee970 .part L_00000000048ee010, 2, 1;
L_00000000048ef410 .part L_00000000048ee010, 0, 1;
L_00000000048edb10 .part L_00000000048ee010, 1, 1;
L_00000000048eeab0 .part L_00000000048ee010, 2, 1;
L_00000000048ef050 .part L_00000000048ee010, 0, 1;
L_00000000048ee1f0 .part L_00000000048ee010, 1, 1;
L_00000000048ef0f0 .part L_00000000048ee010, 2, 1;
L_00000000048efa50 .part L_00000000048ee010, 0, 1;
L_00000000048edcf0 .part L_00000000048ee010, 1, 1;
L_00000000048edf70 .part L_00000000048ee010, 2, 1;
LS_00000000048ef190_0_0 .concat8 [ 1 1 1 1], L_00000000048dd150, L_00000000048ddee0, L_00000000048dda10, L_00000000048ddaf0;
LS_00000000048ef190_0_4 .concat8 [ 1 1 1 1], L_00000000048f1720, L_00000000048f1d40, L_00000000048f1bf0, L_00000000048f1a30;
L_00000000048ef190 .concat8 [ 4 4 0 0], LS_00000000048ef190_0_0, LS_00000000048ef190_0_4;
L_00000000048ef4b0 .part L_00000000048ee010, 0, 1;
L_00000000048efaf0 .part L_00000000048ee010, 1, 1;
L_00000000048ee290 .part L_00000000048ee010, 2, 1;
S_00000000048e42a0 .scope module, "third" "decoder3to8" 3 12, 3 18 0, S_000000000482c840;
 .timescale 0 0;
    .port_info 0 /INPUT 3 "in"
    .port_info 1 /OUTPUT 8 "out"
    .port_info 2 /INPUT 1 "en"
L_00000000048f1f00 .functor NOT 1, L_00000000048ef550, C4<0>, C4<0>, C4<0>;
L_00000000048f2360 .functor NOT 1, L_00000000048ef730, C4<0>, C4<0>, C4<0>;
L_00000000048f1f70 .functor AND 1, L_00000000048f1f00, L_00000000048f2360, C4<1>, C4<1>;
L_00000000048f1870 .functor NOT 1, L_00000000048ef7d0, C4<0>, C4<0>, C4<0>;
L_00000000048f1b80 .functor AND 1, L_00000000048f1f70, L_00000000048f1870, C4<1>, C4<1>;
L_00000000048f16b0 .functor AND 1, L_00000000048f1b80, L_00000000048f0950, C4<1>, C4<1>;
L_00000000048f1cd0 .functor NOT 1, L_00000000048ed750, C4<0>, C4<0>, C4<0>;
L_00000000048f1fe0 .functor AND 1, L_00000000048efb90, L_00000000048f1cd0, C4<1>, C4<1>;
L_00000000048f2590 .functor NOT 1, L_00000000048f04f0, C4<0>, C4<0>, C4<0>;
L_00000000048f1800 .functor AND 1, L_00000000048f1fe0, L_00000000048f2590, C4<1>, C4<1>;
L_00000000048f20c0 .functor AND 1, L_00000000048f1800, L_00000000048f0950, C4<1>, C4<1>;
L_00000000048f24b0 .functor NOT 1, L_00000000048f0090, C4<0>, C4<0>, C4<0>;
L_00000000048f2440 .functor AND 1, L_00000000048f24b0, L_00000000048f0770, C4<1>, C4<1>;
L_00000000048f18e0 .functor NOT 1, L_00000000048efff0, C4<0>, C4<0>, C4<0>;
L_00000000048f2050 .functor AND 1, L_00000000048f2440, L_00000000048f18e0, C4<1>, C4<1>;
L_00000000048f2130 .functor AND 1, L_00000000048f2050, L_00000000048f0950, C4<1>, C4<1>;
L_00000000048f2280 .functor AND 1, L_00000000048f10d0, L_00000000048f0590, C4<1>, C4<1>;
L_00000000048f1950 .functor NOT 1, L_00000000048f1170, C4<0>, C4<0>, C4<0>;
L_00000000048f23d0 .functor AND 1, L_00000000048f2280, L_00000000048f1950, C4<1>, C4<1>;
L_00000000048f1b10 .functor AND 1, L_00000000048f23d0, L_00000000048f0950, C4<1>, C4<1>;
L_00000000048f4b30 .functor NOT 1, L_00000000048f0d10, C4<0>, C4<0>, C4<0>;
L_00000000048f4eb0 .functor NOT 1, L_00000000048efeb0, C4<0>, C4<0>, C4<0>;
L_00000000048f4ba0 .functor AND 1, L_00000000048f4b30, L_00000000048f4eb0, C4<1>, C4<1>;
L_00000000048f4dd0 .functor AND 1, L_00000000048f4ba0, L_00000000048f08b0, C4<1>, C4<1>;
L_00000000048f4900 .functor AND 1, L_00000000048f4dd0, L_00000000048f0950, C4<1>, C4<1>;
L_00000000048f52a0 .functor NOT 1, L_00000000048f01d0, C4<0>, C4<0>, C4<0>;
L_00000000048f55b0 .functor AND 1, L_00000000048f06d0, L_00000000048f52a0, C4<1>, C4<1>;
L_00000000048f4890 .functor AND 1, L_00000000048f55b0, L_00000000048f13f0, C4<1>, C4<1>;
L_00000000048f5540 .functor AND 1, L_00000000048f4890, L_00000000048f0950, C4<1>, C4<1>;
L_00000000048f4f20 .functor NOT 1, L_00000000048f0630, C4<0>, C4<0>, C4<0>;
L_00000000048f5310 .functor AND 1, L_00000000048f4f20, L_00000000048f09f0, C4<1>, C4<1>;
L_00000000048f46d0 .functor AND 1, L_00000000048f5310, L_00000000048f1030, C4<1>, C4<1>;
L_00000000048f53f0 .functor AND 1, L_00000000048f46d0, L_00000000048f0950, C4<1>, C4<1>;
L_00000000048f4e40 .functor AND 1, L_00000000048f1210, L_00000000048f0bd0, C4<1>, C4<1>;
L_00000000048f4c10 .functor AND 1, L_00000000048f4e40, L_00000000048f0810, C4<1>, C4<1>;
L_00000000048f47b0 .functor AND 1, L_00000000048f4c10, L_00000000048f0950, C4<1>, C4<1>;
v00000000048e2700_0 .net *"_s10", 0 0, L_00000000048f1f70;  1 drivers
v00000000048e19e0_0 .net *"_s101", 0 0, L_00000000048f13f0;  1 drivers
v00000000048e27a0_0 .net *"_s102", 0 0, L_00000000048f4890;  1 drivers
v00000000048e1a80_0 .net *"_s104", 0 0, L_00000000048f5540;  1 drivers
v00000000048e1b20_0 .net *"_s109", 0 0, L_00000000048f0630;  1 drivers
v00000000048e1c60_0 .net *"_s110", 0 0, L_00000000048f4f20;  1 drivers
v00000000048e1f80_0 .net *"_s113", 0 0, L_00000000048f09f0;  1 drivers
v00000000048e2840_0 .net *"_s114", 0 0, L_00000000048f5310;  1 drivers
v00000000048e1d00_0 .net *"_s117", 0 0, L_00000000048f1030;  1 drivers
v00000000048e1da0_0 .net *"_s118", 0 0, L_00000000048f46d0;  1 drivers
v00000000048e1e40_0 .net *"_s120", 0 0, L_00000000048f53f0;  1 drivers
v00000000048e20c0_0 .net *"_s126", 0 0, L_00000000048f1210;  1 drivers
v00000000048e2a20_0 .net *"_s128", 0 0, L_00000000048f0bd0;  1 drivers
v00000000048e2e80_0 .net *"_s129", 0 0, L_00000000048f4e40;  1 drivers
v00000000048e3240_0 .net *"_s13", 0 0, L_00000000048ef7d0;  1 drivers
v00000000048e2de0_0 .net *"_s132", 0 0, L_00000000048f0810;  1 drivers
v00000000048e3ec0_0 .net *"_s133", 0 0, L_00000000048f4c10;  1 drivers
v00000000048e3060_0 .net *"_s135", 0 0, L_00000000048f47b0;  1 drivers
v00000000048e3b00_0 .net *"_s14", 0 0, L_00000000048f1870;  1 drivers
v00000000048e3d80_0 .net *"_s16", 0 0, L_00000000048f1b80;  1 drivers
v00000000048e3420_0 .net *"_s18", 0 0, L_00000000048f16b0;  1 drivers
v00000000048e2ac0_0 .net *"_s23", 0 0, L_00000000048efb90;  1 drivers
v00000000048e3e20_0 .net *"_s25", 0 0, L_00000000048ed750;  1 drivers
v00000000048e2b60_0 .net *"_s26", 0 0, L_00000000048f1cd0;  1 drivers
v00000000048e32e0_0 .net *"_s28", 0 0, L_00000000048f1fe0;  1 drivers
v00000000048e2f20_0 .net *"_s3", 0 0, L_00000000048ef550;  1 drivers
v00000000048e3ba0_0 .net *"_s31", 0 0, L_00000000048f04f0;  1 drivers
v00000000048e3c40_0 .net *"_s32", 0 0, L_00000000048f2590;  1 drivers
v00000000048e39c0_0 .net *"_s34", 0 0, L_00000000048f1800;  1 drivers
v00000000048e2fc0_0 .net *"_s36", 0 0, L_00000000048f20c0;  1 drivers
v00000000048e2980_0 .net *"_s4", 0 0, L_00000000048f1f00;  1 drivers
v00000000048e3380_0 .net *"_s41", 0 0, L_00000000048f0090;  1 drivers
v00000000048e3100_0 .net *"_s42", 0 0, L_00000000048f24b0;  1 drivers
v00000000048e31a0_0 .net *"_s45", 0 0, L_00000000048f0770;  1 drivers
v00000000048e34c0_0 .net *"_s46", 0 0, L_00000000048f2440;  1 drivers
v00000000048e3560_0 .net *"_s49", 0 0, L_00000000048efff0;  1 drivers
v00000000048e3600_0 .net *"_s50", 0 0, L_00000000048f18e0;  1 drivers
v00000000048e36a0_0 .net *"_s52", 0 0, L_00000000048f2050;  1 drivers
v00000000048e3f60_0 .net *"_s54", 0 0, L_00000000048f2130;  1 drivers
v00000000048e2c00_0 .net *"_s59", 0 0, L_00000000048f10d0;  1 drivers
v00000000048e2ca0_0 .net *"_s61", 0 0, L_00000000048f0590;  1 drivers
v00000000048e3ce0_0 .net *"_s62", 0 0, L_00000000048f2280;  1 drivers
v00000000048e3740_0 .net *"_s65", 0 0, L_00000000048f1170;  1 drivers
v00000000048e2d40_0 .net *"_s66", 0 0, L_00000000048f1950;  1 drivers
v00000000048e28e0_0 .net *"_s68", 0 0, L_00000000048f23d0;  1 drivers
v00000000048e37e0_0 .net *"_s7", 0 0, L_00000000048ef730;  1 drivers
v00000000048e3880_0 .net *"_s70", 0 0, L_00000000048f1b10;  1 drivers
v00000000048e3920_0 .net *"_s75", 0 0, L_00000000048f0d10;  1 drivers
v00000000048e3a60_0 .net *"_s76", 0 0, L_00000000048f4b30;  1 drivers
v00000000048ef910_0 .net *"_s79", 0 0, L_00000000048efeb0;  1 drivers
v00000000048eeb50_0 .net *"_s8", 0 0, L_00000000048f2360;  1 drivers
v00000000048ed9d0_0 .net *"_s80", 0 0, L_00000000048f4eb0;  1 drivers
v00000000048ee0b0_0 .net *"_s82", 0 0, L_00000000048f4ba0;  1 drivers
v00000000048eed30_0 .net *"_s85", 0 0, L_00000000048f08b0;  1 drivers
v00000000048edd90_0 .net *"_s86", 0 0, L_00000000048f4dd0;  1 drivers
v00000000048ed6b0_0 .net *"_s88", 0 0, L_00000000048f4900;  1 drivers
v00000000048ee150_0 .net *"_s93", 0 0, L_00000000048f06d0;  1 drivers
v00000000048ed7f0_0 .net *"_s95", 0 0, L_00000000048f01d0;  1 drivers
v00000000048ef2d0_0 .net *"_s96", 0 0, L_00000000048f52a0;  1 drivers
v00000000048eebf0_0 .net *"_s98", 0 0, L_00000000048f55b0;  1 drivers
v00000000048ee3d0_0 .net "en", 0 0, L_00000000048f0950;  1 drivers
v00000000048ee510_0 .net "in", 2 0, L_00000000048f0b30;  1 drivers
v00000000048eea10_0 .net "out", 7 0, L_00000000048f0ef0;  1 drivers
L_00000000048ef550 .part L_00000000048f0b30, 0, 1;
L_00000000048ef730 .part L_00000000048f0b30, 1, 1;
L_00000000048ef7d0 .part L_00000000048f0b30, 2, 1;
L_00000000048efb90 .part L_00000000048f0b30, 0, 1;
L_00000000048ed750 .part L_00000000048f0b30, 1, 1;
L_00000000048f04f0 .part L_00000000048f0b30, 2, 1;
L_00000000048f0090 .part L_00000000048f0b30, 0, 1;
L_00000000048f0770 .part L_00000000048f0b30, 1, 1;
L_00000000048efff0 .part L_00000000048f0b30, 2, 1;
L_00000000048f10d0 .part L_00000000048f0b30, 0, 1;
L_00000000048f0590 .part L_00000000048f0b30, 1, 1;
L_00000000048f1170 .part L_00000000048f0b30, 2, 1;
L_00000000048f0d10 .part L_00000000048f0b30, 0, 1;
L_00000000048efeb0 .part L_00000000048f0b30, 1, 1;
L_00000000048f08b0 .part L_00000000048f0b30, 2, 1;
L_00000000048f06d0 .part L_00000000048f0b30, 0, 1;
L_00000000048f01d0 .part L_00000000048f0b30, 1, 1;
L_00000000048f13f0 .part L_00000000048f0b30, 2, 1;
L_00000000048f0630 .part L_00000000048f0b30, 0, 1;
L_00000000048f09f0 .part L_00000000048f0b30, 1, 1;
L_00000000048f1030 .part L_00000000048f0b30, 2, 1;
LS_00000000048f0ef0_0_0 .concat8 [ 1 1 1 1], L_00000000048f16b0, L_00000000048f20c0, L_00000000048f2130, L_00000000048f1b10;
LS_00000000048f0ef0_0_4 .concat8 [ 1 1 1 1], L_00000000048f4900, L_00000000048f5540, L_00000000048f53f0, L_00000000048f47b0;
L_00000000048f0ef0 .concat8 [ 4 4 0 0], LS_00000000048f0ef0_0_0, LS_00000000048f0ef0_0_4;
L_00000000048f1210 .part L_00000000048f0b30, 0, 1;
L_00000000048f0bd0 .part L_00000000048f0b30, 1, 1;
L_00000000048f0810 .part L_00000000048f0b30, 2, 1;
    .scope S_000000000487fd30;
T_0 ;
    %vpi_call 2 11 "$dumpfile", "tb_decoder.vcd" {0 0 0};
    %vpi_call 2 12 "$dumpvars", 32'sb00000000000000000000000000000001, S_000000000482c840 {0 0 0};
    %end;
    .thread T_0;
    .scope S_000000000487fd30;
T_1 ;
    %vpi_call 2 17 "$display", "cycles through all possible 32 outputs" {0 0 0};
    %pushi/vec4 1, 0, 1;
    %assign/vec4 v00000000048ef690_0, 0;
    %pushi/vec4 0, 0, 32;
    %store/vec4 v00000000048efd70_0, 0, 32;
T_1.0 ;
    %load/vec4 v00000000048efd70_0;
    %cmpi/s 32, 0, 32;
    %jmp/0xz T_1.1, 5;
    %load/vec4 v00000000048efd70_0;
    %pad/s 5;
    %assign/vec4 v00000000048ee330_0, 0;
    %delay 10, 0;
    %delay 10, 0;
    %load/vec4 v00000000048efd70_0;
    %addi 1, 0, 32;
    %store/vec4 v00000000048efd70_0, 0, 32;
    %jmp T_1.0;
T_1.1 ;
    %vpi_call 2 22 "$stop" {0 0 0};
    %end;
    .thread T_1;
# The file index is used to find the file name in the following table.
:file_names 4;
    "N/A";
    "<interactive>";
    "tb_decoder.v";
    "./decoder.v";
