Analysis & Synthesis report for alu
Sun Feb 04 11:11:25 2018
Quartus II 64-Bit Version 14.0.0 Build 200 06/17/2014 SJ Web Edition


---------------------
; Table of Contents ;
---------------------
  1. Legal Notice
  2. Analysis & Synthesis Summary
  3. Analysis & Synthesis Settings
  4. Parallel Compilation
  5. Analysis & Synthesis Source Files Read
  6. Analysis & Synthesis Resource Usage Summary
  7. Analysis & Synthesis Resource Utilization by Entity
  8. General Register Statistics
  9. Multiplexer Restructuring Statistics (Restructuring Performed)
 10. Port Connectivity Checks: "mux2to1:flow"
 11. Port Connectivity Checks: "mux2to1:carry"
 12. Post-Synthesis Netlist Statistics for Top Partition
 13. Elapsed Time Per Partition
 14. Analysis & Synthesis Messages



----------------
; Legal Notice ;
----------------
Copyright (C) 1991-2014 Altera Corporation. All rights reserved.
Your use of Altera Corporation's design tools, logic functions 
and other software and tools, and its AMPP partner logic 
functions, and any output files from any of the foregoing 
(including device programming or simulation files), and any 
associated documentation or information are expressly subject 
to the terms and conditions of the Altera Program License 
Subscription Agreement, the Altera Quartus II License Agreement,
the Altera MegaCore Function License Agreement, or other 
applicable license agreement, including, without limitation, 
that your use is for the sole purpose of programming logic 
devices manufactured by Altera and sold by Altera or its 
authorized distributors.  Please refer to the applicable 
agreement for further details.



+------------------------------------------------------------------------------+
; Analysis & Synthesis Summary                                                 ;
+---------------------------------+--------------------------------------------+
; Analysis & Synthesis Status     ; Successful - Sun Feb 04 11:11:25 2018      ;
; Quartus II 64-Bit Version       ; 14.0.0 Build 200 06/17/2014 SJ Web Edition ;
; Revision Name                   ; alu                                        ;
; Top-level Entity Name           ; alu                                        ;
; Family                          ; Cyclone V                                  ;
; Logic utilization (in ALMs)     ; N/A                                        ;
; Total registers                 ; 0                                          ;
; Total pins                      ; 199                                        ;
; Total virtual pins              ; 0                                          ;
; Total block memory bits         ; 0                                          ;
; Total DSP Blocks                ; 0                                          ;
; Total HSSI RX PCSs              ; 0                                          ;
; Total HSSI PMA RX Deserializers ; 0                                          ;
; Total HSSI TX PCSs              ; 0                                          ;
; Total HSSI PMA TX Serializers   ; 0                                          ;
; Total PLLs                      ; 0                                          ;
; Total DLLs                      ; 0                                          ;
+---------------------------------+--------------------------------------------+


+---------------------------------------------------------------------------------------------------------------------------+
; Analysis & Synthesis Settings                                                                                             ;
+---------------------------------------------------------------------------------+--------------------+--------------------+
; Option                                                                          ; Setting            ; Default Value      ;
+---------------------------------------------------------------------------------+--------------------+--------------------+
; Device                                                                          ; 5CGXFC7C7F23C8     ;                    ;
; Top-level entity name                                                           ; alu                ; alu                ;
; Family name                                                                     ; Cyclone V          ; Cyclone IV GX      ;
; Use smart compilation                                                           ; Off                ; Off                ;
; Enable parallel Assembler and TimeQuest Timing Analyzer during compilation      ; On                 ; On                 ;
; Enable compact report table                                                     ; Off                ; Off                ;
; Restructure Multiplexers                                                        ; Auto               ; Auto               ;
; MLAB Add Timing Constraints For Mixed-Port Feed-Through Mode Setting Don't Care ; Off                ; Off                ;
; Create Debugging Nodes for IP Cores                                             ; Off                ; Off                ;
; Preserve fewer node names                                                       ; On                 ; On                 ;
; Disable OpenCore Plus hardware evaluation                                       ; Off                ; Off                ;
; Verilog Version                                                                 ; Verilog_2001       ; Verilog_2001       ;
; VHDL Version                                                                    ; VHDL_1993          ; VHDL_1993          ;
; State Machine Processing                                                        ; Auto               ; Auto               ;
; Safe State Machine                                                              ; Off                ; Off                ;
; Extract Verilog State Machines                                                  ; On                 ; On                 ;
; Extract VHDL State Machines                                                     ; On                 ; On                 ;
; Ignore Verilog initial constructs                                               ; Off                ; Off                ;
; Iteration limit for constant Verilog loops                                      ; 5000               ; 5000               ;
; Iteration limit for non-constant Verilog loops                                  ; 250                ; 250                ;
; Add Pass-Through Logic to Inferred RAMs                                         ; On                 ; On                 ;
; Infer RAMs from Raw Logic                                                       ; On                 ; On                 ;
; Parallel Synthesis                                                              ; On                 ; On                 ;
; DSP Block Balancing                                                             ; Auto               ; Auto               ;
; NOT Gate Push-Back                                                              ; On                 ; On                 ;
; Power-Up Don't Care                                                             ; On                 ; On                 ;
; Remove Redundant Logic Cells                                                    ; Off                ; Off                ;
; Remove Duplicate Registers                                                      ; On                 ; On                 ;
; Ignore CARRY Buffers                                                            ; Off                ; Off                ;
; Ignore CASCADE Buffers                                                          ; Off                ; Off                ;
; Ignore GLOBAL Buffers                                                           ; Off                ; Off                ;
; Ignore ROW GLOBAL Buffers                                                       ; Off                ; Off                ;
; Ignore LCELL Buffers                                                            ; Off                ; Off                ;
; Ignore SOFT Buffers                                                             ; On                 ; On                 ;
; Limit AHDL Integers to 32 Bits                                                  ; Off                ; Off                ;
; Optimization Technique                                                          ; Balanced           ; Balanced           ;
; Carry Chain Length                                                              ; 70                 ; 70                 ;
; Auto Carry Chains                                                               ; On                 ; On                 ;
; Auto Open-Drain Pins                                                            ; On                 ; On                 ;
; Perform WYSIWYG Primitive Resynthesis                                           ; Off                ; Off                ;
; Auto ROM Replacement                                                            ; On                 ; On                 ;
; Auto RAM Replacement                                                            ; On                 ; On                 ;
; Auto DSP Block Replacement                                                      ; On                 ; On                 ;
; Auto Shift Register Replacement                                                 ; Auto               ; Auto               ;
; Allow Shift Register Merging across Hierarchies                                 ; Auto               ; Auto               ;
; Auto Clock Enable Replacement                                                   ; On                 ; On                 ;
; Strict RAM Replacement                                                          ; Off                ; Off                ;
; Allow Synchronous Control Signals                                               ; On                 ; On                 ;
; Force Use of Synchronous Clear Signals                                          ; Off                ; Off                ;
; Auto Resource Sharing                                                           ; Off                ; Off                ;
; Allow Any RAM Size For Recognition                                              ; Off                ; Off                ;
; Allow Any ROM Size For Recognition                                              ; Off                ; Off                ;
; Allow Any Shift Register Size For Recognition                                   ; Off                ; Off                ;
; Use LogicLock Constraints during Resource Balancing                             ; On                 ; On                 ;
; Ignore translate_off and synthesis_off directives                               ; Off                ; Off                ;
; Timing-Driven Synthesis                                                         ; On                 ; On                 ;
; Report Parameter Settings                                                       ; On                 ; On                 ;
; Report Source Assignments                                                       ; On                 ; On                 ;
; Report Connectivity Checks                                                      ; On                 ; On                 ;
; Ignore Maximum Fan-Out Assignments                                              ; Off                ; Off                ;
; Synchronization Register Chain Length                                           ; 3                  ; 3                  ;
; PowerPlay Power Optimization                                                    ; Normal compilation ; Normal compilation ;
; HDL message level                                                               ; Level2             ; Level2             ;
; Suppress Register Optimization Related Messages                                 ; Off                ; Off                ;
; Number of Removed Registers Reported in Synthesis Report                        ; 5000               ; 5000               ;
; Number of Swept Nodes Reported in Synthesis Report                              ; 5000               ; 5000               ;
; Number of Inverted Registers Reported in Synthesis Report                       ; 100                ; 100                ;
; Clock MUX Protection                                                            ; On                 ; On                 ;
; Auto Gated Clock Conversion                                                     ; Off                ; Off                ;
; Block Design Naming                                                             ; Auto               ; Auto               ;
; SDC constraint protection                                                       ; Off                ; Off                ;
; Synthesis Effort                                                                ; Auto               ; Auto               ;
; Shift Register Replacement - Allow Asynchronous Clear Signal                    ; On                 ; On                 ;
; Pre-Mapping Resynthesis Optimization                                            ; Off                ; Off                ;
; Analysis & Synthesis Message Level                                              ; Medium             ; Medium             ;
; Disable Register Merging Across Hierarchies                                     ; Auto               ; Auto               ;
; Resource Aware Inference For Block RAM                                          ; On                 ; On                 ;
; Synthesis Seed                                                                  ; 1                  ; 1                  ;
; Automatic Parallel Synthesis                                                    ; On                 ; On                 ;
; Partial Reconfiguration Bitstream ID                                            ; Off                ; Off                ;
+---------------------------------------------------------------------------------+--------------------+--------------------+


+------------------------------------------+
; Parallel Compilation                     ;
+----------------------------+-------------+
; Processors                 ; Number      ;
+----------------------------+-------------+
; Number detected on machine ; 4           ;
; Maximum allowed            ; 2           ;
;                            ;             ;
; Average used               ; 1.00        ;
; Maximum used               ; 1           ;
;                            ;             ;
; Usage by Processor         ; % Time Used ;
;     Processor 1            ; 100.0%      ;
;     Processors 2-4         ;   0.0%      ;
+----------------------------+-------------+


+---------------------------------------------------------------------------------------------------------------------------------------------------------+
; Analysis & Synthesis Source Files Read                                                                                                                  ;
+----------------------------------+-----------------+------------------------------+-----------------------------------------------------------+---------+
; File Name with User-Entered Path ; Used in Netlist ; File Type                    ; File Name with Absolute Path                              ; Library ;
+----------------------------------+-----------------+------------------------------+-----------------------------------------------------------+---------+
; mux5to1.sv                       ; yes             ; User SystemVerilog HDL File  ; C:/Users/ivanz/Documents/GitHub/CSEE469/lab2/mux5to1.sv   ;         ;
; mux2to1.v                        ; yes             ; User Verilog HDL File        ; C:/Users/ivanz/Documents/GitHub/CSEE469/lab2/mux2to1.v    ;         ;
; gateLogic.v                      ; yes             ; User Verilog HDL File        ; C:/Users/ivanz/Documents/GitHub/CSEE469/lab2/gateLogic.v  ;         ;
; arithmetic.v                     ; yes             ; User Verilog HDL File        ; C:/Users/ivanz/Documents/GitHub/CSEE469/lab2/arithmetic.v ;         ;
; alu.v                            ; yes             ; User Verilog HDL File        ; C:/Users/ivanz/Documents/GitHub/CSEE469/lab2/alu.v        ;         ;
+----------------------------------+-----------------+------------------------------+-----------------------------------------------------------+---------+


+--------------------------------------------------------------+
; Analysis & Synthesis Resource Usage Summary                  ;
+---------------------------------------------+----------------+
; Resource                                    ; Usage          ;
+---------------------------------------------+----------------+
; Estimate of Logic utilization (ALMs needed) ; 160            ;
;                                             ;                ;
; Combinational ALUT usage for logic          ; 232            ;
;     -- 7 input functions                    ; 0              ;
;     -- 6 input functions                    ; 88             ;
;     -- 5 input functions                    ; 20             ;
;     -- 4 input functions                    ; 4              ;
;     -- <=3 input functions                  ; 120            ;
;                                             ;                ;
; Dedicated logic registers                   ; 0              ;
;                                             ;                ;
; I/O pins                                    ; 199            ;
; Total DSP Blocks                            ; 0              ;
; Maximum fan-out node                        ; cntrl[0]~input ;
; Maximum fan-out                             ; 141            ;
; Total fan-out                               ; 1208           ;
; Average fan-out                             ; 1.92           ;
+---------------------------------------------+----------------+


+--------------------------------------------------------------------------------------------------------------------------------------------------------------------------------------------+
; Analysis & Synthesis Resource Utilization by Entity                                                                                                                                        ;
+-----------------------------------+-------------------+--------------+-------------------+------------+------+--------------+-----------------------------------------------+--------------+
; Compilation Hierarchy Node        ; LC Combinationals ; LC Registers ; Block Memory Bits ; DSP Blocks ; Pins ; Virtual Pins ; Full Hierarchy Name                           ; Library Name ;
+-----------------------------------+-------------------+--------------+-------------------+------------+------+--------------+-----------------------------------------------+--------------+
; |alu                              ; 232 (0)           ; 0 (0)        ; 0                 ; 0          ; 199  ; 0            ; |alu                                          ; work         ;
;    |arithmetic:ADDorSUB|          ; 149 (50)          ; 0 (0)        ; 0                 ; 0          ; 0    ; 0            ; |alu|arithmetic:ADDorSUB                      ; work         ;
;       |adder:math[0].add|         ; 1 (1)             ; 0 (0)        ; 0                 ; 0          ; 0    ; 0            ; |alu|arithmetic:ADDorSUB|adder:math[0].add    ; work         ;
;       |adder:math[10].add|        ; 1 (1)             ; 0 (0)        ; 0                 ; 0          ; 0    ; 0            ; |alu|arithmetic:ADDorSUB|adder:math[10].add   ; work         ;
;       |adder:math[11].add|        ; 1 (1)             ; 0 (0)        ; 0                 ; 0          ; 0    ; 0            ; |alu|arithmetic:ADDorSUB|adder:math[11].add   ; work         ;
;       |adder:math[12].add|        ; 1 (1)             ; 0 (0)        ; 0                 ; 0          ; 0    ; 0            ; |alu|arithmetic:ADDorSUB|adder:math[12].add   ; work         ;
;       |adder:math[13].add|        ; 1 (1)             ; 0 (0)        ; 0                 ; 0          ; 0    ; 0            ; |alu|arithmetic:ADDorSUB|adder:math[13].add   ; work         ;
;       |adder:math[14].add|        ; 4 (4)             ; 0 (0)        ; 0                 ; 0          ; 0    ; 0            ; |alu|arithmetic:ADDorSUB|adder:math[14].add   ; work         ;
;       |adder:math[15].add|        ; 1 (1)             ; 0 (0)        ; 0                 ; 0          ; 0    ; 0            ; |alu|arithmetic:ADDorSUB|adder:math[15].add   ; work         ;
;       |adder:math[16].add|        ; 1 (1)             ; 0 (0)        ; 0                 ; 0          ; 0    ; 0            ; |alu|arithmetic:ADDorSUB|adder:math[16].add   ; work         ;
;       |adder:math[17].add|        ; 1 (1)             ; 0 (0)        ; 0                 ; 0          ; 0    ; 0            ; |alu|arithmetic:ADDorSUB|adder:math[17].add   ; work         ;
;       |adder:math[18].add|        ; 1 (1)             ; 0 (0)        ; 0                 ; 0          ; 0    ; 0            ; |alu|arithmetic:ADDorSUB|adder:math[18].add   ; work         ;
;       |adder:math[19].add|        ; 4 (4)             ; 0 (0)        ; 0                 ; 0          ; 0    ; 0            ; |alu|arithmetic:ADDorSUB|adder:math[19].add   ; work         ;
;       |adder:math[1].add|         ; 1 (1)             ; 0 (0)        ; 0                 ; 0          ; 0    ; 0            ; |alu|arithmetic:ADDorSUB|adder:math[1].add    ; work         ;
;       |adder:math[20].add|        ; 1 (1)             ; 0 (0)        ; 0                 ; 0          ; 0    ; 0            ; |alu|arithmetic:ADDorSUB|adder:math[20].add   ; work         ;
;       |adder:math[21].add|        ; 1 (1)             ; 0 (0)        ; 0                 ; 0          ; 0    ; 0            ; |alu|arithmetic:ADDorSUB|adder:math[21].add   ; work         ;
;       |adder:math[22].add|        ; 1 (1)             ; 0 (0)        ; 0                 ; 0          ; 0    ; 0            ; |alu|arithmetic:ADDorSUB|adder:math[22].add   ; work         ;
;       |adder:math[23].add|        ; 1 (1)             ; 0 (0)        ; 0                 ; 0          ; 0    ; 0            ; |alu|arithmetic:ADDorSUB|adder:math[23].add   ; work         ;
;       |adder:math[24].add|        ; 4 (4)             ; 0 (0)        ; 0                 ; 0          ; 0    ; 0            ; |alu|arithmetic:ADDorSUB|adder:math[24].add   ; work         ;
;       |adder:math[25].add|        ; 1 (1)             ; 0 (0)        ; 0                 ; 0          ; 0    ; 0            ; |alu|arithmetic:ADDorSUB|adder:math[25].add   ; work         ;
;       |adder:math[26].add|        ; 1 (1)             ; 0 (0)        ; 0                 ; 0          ; 0    ; 0            ; |alu|arithmetic:ADDorSUB|adder:math[26].add   ; work         ;
;       |adder:math[27].add|        ; 1 (1)             ; 0 (0)        ; 0                 ; 0          ; 0    ; 0            ; |alu|arithmetic:ADDorSUB|adder:math[27].add   ; work         ;
;       |adder:math[28].add|        ; 1 (1)             ; 0 (0)        ; 0                 ; 0          ; 0    ; 0            ; |alu|arithmetic:ADDorSUB|adder:math[28].add   ; work         ;
;       |adder:math[29].add|        ; 4 (4)             ; 0 (0)        ; 0                 ; 0          ; 0    ; 0            ; |alu|arithmetic:ADDorSUB|adder:math[29].add   ; work         ;
;       |adder:math[2].add|         ; 1 (1)             ; 0 (0)        ; 0                 ; 0          ; 0    ; 0            ; |alu|arithmetic:ADDorSUB|adder:math[2].add    ; work         ;
;       |adder:math[30].add|        ; 1 (1)             ; 0 (0)        ; 0                 ; 0          ; 0    ; 0            ; |alu|arithmetic:ADDorSUB|adder:math[30].add   ; work         ;
;       |adder:math[31].add|        ; 1 (1)             ; 0 (0)        ; 0                 ; 0          ; 0    ; 0            ; |alu|arithmetic:ADDorSUB|adder:math[31].add   ; work         ;
;       |adder:math[32].add|        ; 1 (1)             ; 0 (0)        ; 0                 ; 0          ; 0    ; 0            ; |alu|arithmetic:ADDorSUB|adder:math[32].add   ; work         ;
;       |adder:math[33].add|        ; 1 (1)             ; 0 (0)        ; 0                 ; 0          ; 0    ; 0            ; |alu|arithmetic:ADDorSUB|adder:math[33].add   ; work         ;
;       |adder:math[34].add|        ; 4 (4)             ; 0 (0)        ; 0                 ; 0          ; 0    ; 0            ; |alu|arithmetic:ADDorSUB|adder:math[34].add   ; work         ;
;       |adder:math[35].add|        ; 1 (1)             ; 0 (0)        ; 0                 ; 0          ; 0    ; 0            ; |alu|arithmetic:ADDorSUB|adder:math[35].add   ; work         ;
;       |adder:math[36].add|        ; 1 (1)             ; 0 (0)        ; 0                 ; 0          ; 0    ; 0            ; |alu|arithmetic:ADDorSUB|adder:math[36].add   ; work         ;
;       |adder:math[37].add|        ; 1 (1)             ; 0 (0)        ; 0                 ; 0          ; 0    ; 0            ; |alu|arithmetic:ADDorSUB|adder:math[37].add   ; work         ;
;       |adder:math[38].add|        ; 1 (1)             ; 0 (0)        ; 0                 ; 0          ; 0    ; 0            ; |alu|arithmetic:ADDorSUB|adder:math[38].add   ; work         ;
;       |adder:math[39].add|        ; 4 (4)             ; 0 (0)        ; 0                 ; 0          ; 0    ; 0            ; |alu|arithmetic:ADDorSUB|adder:math[39].add   ; work         ;
;       |adder:math[3].add|         ; 1 (1)             ; 0 (0)        ; 0                 ; 0          ; 0    ; 0            ; |alu|arithmetic:ADDorSUB|adder:math[3].add    ; work         ;
;       |adder:math[40].add|        ; 1 (1)             ; 0 (0)        ; 0                 ; 0          ; 0    ; 0            ; |alu|arithmetic:ADDorSUB|adder:math[40].add   ; work         ;
;       |adder:math[41].add|        ; 1 (1)             ; 0 (0)        ; 0                 ; 0          ; 0    ; 0            ; |alu|arithmetic:ADDorSUB|adder:math[41].add   ; work         ;
;       |adder:math[42].add|        ; 1 (1)             ; 0 (0)        ; 0                 ; 0          ; 0    ; 0            ; |alu|arithmetic:ADDorSUB|adder:math[42].add   ; work         ;
;       |adder:math[43].add|        ; 1 (1)             ; 0 (0)        ; 0                 ; 0          ; 0    ; 0            ; |alu|arithmetic:ADDorSUB|adder:math[43].add   ; work         ;
;       |adder:math[44].add|        ; 4 (4)             ; 0 (0)        ; 0                 ; 0          ; 0    ; 0            ; |alu|arithmetic:ADDorSUB|adder:math[44].add   ; work         ;
;       |adder:math[45].add|        ; 1 (1)             ; 0 (0)        ; 0                 ; 0          ; 0    ; 0            ; |alu|arithmetic:ADDorSUB|adder:math[45].add   ; work         ;
;       |adder:math[46].add|        ; 1 (1)             ; 0 (0)        ; 0                 ; 0          ; 0    ; 0            ; |alu|arithmetic:ADDorSUB|adder:math[46].add   ; work         ;
;       |adder:math[47].add|        ; 1 (1)             ; 0 (0)        ; 0                 ; 0          ; 0    ; 0            ; |alu|arithmetic:ADDorSUB|adder:math[47].add   ; work         ;
;       |adder:math[48].add|        ; 1 (1)             ; 0 (0)        ; 0                 ; 0          ; 0    ; 0            ; |alu|arithmetic:ADDorSUB|adder:math[48].add   ; work         ;
;       |adder:math[49].add|        ; 4 (4)             ; 0 (0)        ; 0                 ; 0          ; 0    ; 0            ; |alu|arithmetic:ADDorSUB|adder:math[49].add   ; work         ;
;       |adder:math[4].add|         ; 4 (4)             ; 0 (0)        ; 0                 ; 0          ; 0    ; 0            ; |alu|arithmetic:ADDorSUB|adder:math[4].add    ; work         ;
;       |adder:math[50].add|        ; 1 (1)             ; 0 (0)        ; 0                 ; 0          ; 0    ; 0            ; |alu|arithmetic:ADDorSUB|adder:math[50].add   ; work         ;
;       |adder:math[51].add|        ; 1 (1)             ; 0 (0)        ; 0                 ; 0          ; 0    ; 0            ; |alu|arithmetic:ADDorSUB|adder:math[51].add   ; work         ;
;       |adder:math[52].add|        ; 1 (1)             ; 0 (0)        ; 0                 ; 0          ; 0    ; 0            ; |alu|arithmetic:ADDorSUB|adder:math[52].add   ; work         ;
;       |adder:math[53].add|        ; 1 (1)             ; 0 (0)        ; 0                 ; 0          ; 0    ; 0            ; |alu|arithmetic:ADDorSUB|adder:math[53].add   ; work         ;
;       |adder:math[54].add|        ; 4 (4)             ; 0 (0)        ; 0                 ; 0          ; 0    ; 0            ; |alu|arithmetic:ADDorSUB|adder:math[54].add   ; work         ;
;       |adder:math[55].add|        ; 1 (1)             ; 0 (0)        ; 0                 ; 0          ; 0    ; 0            ; |alu|arithmetic:ADDorSUB|adder:math[55].add   ; work         ;
;       |adder:math[56].add|        ; 1 (1)             ; 0 (0)        ; 0                 ; 0          ; 0    ; 0            ; |alu|arithmetic:ADDorSUB|adder:math[56].add   ; work         ;
;       |adder:math[57].add|        ; 1 (1)             ; 0 (0)        ; 0                 ; 0          ; 0    ; 0            ; |alu|arithmetic:ADDorSUB|adder:math[57].add   ; work         ;
;       |adder:math[58].add|        ; 1 (1)             ; 0 (0)        ; 0                 ; 0          ; 0    ; 0            ; |alu|arithmetic:ADDorSUB|adder:math[58].add   ; work         ;
;       |adder:math[59].add|        ; 4 (4)             ; 0 (0)        ; 0                 ; 0          ; 0    ; 0            ; |alu|arithmetic:ADDorSUB|adder:math[59].add   ; work         ;
;       |adder:math[5].add|         ; 1 (1)             ; 0 (0)        ; 0                 ; 0          ; 0    ; 0            ; |alu|arithmetic:ADDorSUB|adder:math[5].add    ; work         ;
;       |adder:math[60].add|        ; 1 (1)             ; 0 (0)        ; 0                 ; 0          ; 0    ; 0            ; |alu|arithmetic:ADDorSUB|adder:math[60].add   ; work         ;
;       |adder:math[61].add|        ; 1 (1)             ; 0 (0)        ; 0                 ; 0          ; 0    ; 0            ; |alu|arithmetic:ADDorSUB|adder:math[61].add   ; work         ;
;       |adder:math[62].add|        ; 1 (1)             ; 0 (0)        ; 0                 ; 0          ; 0    ; 0            ; |alu|arithmetic:ADDorSUB|adder:math[62].add   ; work         ;
;       |adder:math[6].add|         ; 1 (1)             ; 0 (0)        ; 0                 ; 0          ; 0    ; 0            ; |alu|arithmetic:ADDorSUB|adder:math[6].add    ; work         ;
;       |adder:math[7].add|         ; 1 (1)             ; 0 (0)        ; 0                 ; 0          ; 0    ; 0            ; |alu|arithmetic:ADDorSUB|adder:math[7].add    ; work         ;
;       |adder:math[8].add|         ; 1 (1)             ; 0 (0)        ; 0                 ; 0          ; 0    ; 0            ; |alu|arithmetic:ADDorSUB|adder:math[8].add    ; work         ;
;       |adder:math[9].add|         ; 4 (4)             ; 0 (0)        ; 0                 ; 0          ; 0    ; 0            ; |alu|arithmetic:ADDorSUB|adder:math[9].add    ; work         ;
;    |mux2to1:carry|                ; 2 (2)             ; 0 (0)        ; 0                 ; 0          ; 0    ; 0            ; |alu|mux2to1:carry                            ; work         ;
;    |mux2to1:flow|                 ; 1 (1)             ; 0 (0)        ; 0                 ; 0          ; 0    ; 0            ; |alu|mux2to1:flow                             ; work         ;
;    |mux5to1:choose|               ; 64 (0)            ; 0 (0)        ; 0                 ; 0          ; 0    ; 0            ; |alu|mux5to1:choose                           ; work         ;
;       |mux2to1:decide[0].finale|  ; 1 (1)             ; 0 (0)        ; 0                 ; 0          ; 0    ; 0            ; |alu|mux5to1:choose|mux2to1:decide[0].finale  ; work         ;
;       |mux2to1:decide[10].finale| ; 1 (1)             ; 0 (0)        ; 0                 ; 0          ; 0    ; 0            ; |alu|mux5to1:choose|mux2to1:decide[10].finale ; work         ;
;       |mux2to1:decide[11].finale| ; 1 (1)             ; 0 (0)        ; 0                 ; 0          ; 0    ; 0            ; |alu|mux5to1:choose|mux2to1:decide[11].finale ; work         ;
;       |mux2to1:decide[12].finale| ; 1 (1)             ; 0 (0)        ; 0                 ; 0          ; 0    ; 0            ; |alu|mux5to1:choose|mux2to1:decide[12].finale ; work         ;
;       |mux2to1:decide[13].finale| ; 1 (1)             ; 0 (0)        ; 0                 ; 0          ; 0    ; 0            ; |alu|mux5to1:choose|mux2to1:decide[13].finale ; work         ;
;       |mux2to1:decide[14].finale| ; 1 (1)             ; 0 (0)        ; 0                 ; 0          ; 0    ; 0            ; |alu|mux5to1:choose|mux2to1:decide[14].finale ; work         ;
;       |mux2to1:decide[15].finale| ; 1 (1)             ; 0 (0)        ; 0                 ; 0          ; 0    ; 0            ; |alu|mux5to1:choose|mux2to1:decide[15].finale ; work         ;
;       |mux2to1:decide[16].finale| ; 1 (1)             ; 0 (0)        ; 0                 ; 0          ; 0    ; 0            ; |alu|mux5to1:choose|mux2to1:decide[16].finale ; work         ;
;       |mux2to1:decide[17].finale| ; 1 (1)             ; 0 (0)        ; 0                 ; 0          ; 0    ; 0            ; |alu|mux5to1:choose|mux2to1:decide[17].finale ; work         ;
;       |mux2to1:decide[18].finale| ; 1 (1)             ; 0 (0)        ; 0                 ; 0          ; 0    ; 0            ; |alu|mux5to1:choose|mux2to1:decide[18].finale ; work         ;
;       |mux2to1:decide[19].finale| ; 1 (1)             ; 0 (0)        ; 0                 ; 0          ; 0    ; 0            ; |alu|mux5to1:choose|mux2to1:decide[19].finale ; work         ;
;       |mux2to1:decide[1].finale|  ; 1 (1)             ; 0 (0)        ; 0                 ; 0          ; 0    ; 0            ; |alu|mux5to1:choose|mux2to1:decide[1].finale  ; work         ;
;       |mux2to1:decide[20].finale| ; 1 (1)             ; 0 (0)        ; 0                 ; 0          ; 0    ; 0            ; |alu|mux5to1:choose|mux2to1:decide[20].finale ; work         ;
;       |mux2to1:decide[21].finale| ; 1 (1)             ; 0 (0)        ; 0                 ; 0          ; 0    ; 0            ; |alu|mux5to1:choose|mux2to1:decide[21].finale ; work         ;
;       |mux2to1:decide[22].finale| ; 1 (1)             ; 0 (0)        ; 0                 ; 0          ; 0    ; 0            ; |alu|mux5to1:choose|mux2to1:decide[22].finale ; work         ;
;       |mux2to1:decide[23].finale| ; 1 (1)             ; 0 (0)        ; 0                 ; 0          ; 0    ; 0            ; |alu|mux5to1:choose|mux2to1:decide[23].finale ; work         ;
;       |mux2to1:decide[24].finale| ; 1 (1)             ; 0 (0)        ; 0                 ; 0          ; 0    ; 0            ; |alu|mux5to1:choose|mux2to1:decide[24].finale ; work         ;
;       |mux2to1:decide[25].finale| ; 1 (1)             ; 0 (0)        ; 0                 ; 0          ; 0    ; 0            ; |alu|mux5to1:choose|mux2to1:decide[25].finale ; work         ;
;       |mux2to1:decide[26].finale| ; 1 (1)             ; 0 (0)        ; 0                 ; 0          ; 0    ; 0            ; |alu|mux5to1:choose|mux2to1:decide[26].finale ; work         ;
;       |mux2to1:decide[27].finale| ; 1 (1)             ; 0 (0)        ; 0                 ; 0          ; 0    ; 0            ; |alu|mux5to1:choose|mux2to1:decide[27].finale ; work         ;
;       |mux2to1:decide[28].finale| ; 1 (1)             ; 0 (0)        ; 0                 ; 0          ; 0    ; 0            ; |alu|mux5to1:choose|mux2to1:decide[28].finale ; work         ;
;       |mux2to1:decide[29].finale| ; 1 (1)             ; 0 (0)        ; 0                 ; 0          ; 0    ; 0            ; |alu|mux5to1:choose|mux2to1:decide[29].finale ; work         ;
;       |mux2to1:decide[2].finale|  ; 1 (1)             ; 0 (0)        ; 0                 ; 0          ; 0    ; 0            ; |alu|mux5to1:choose|mux2to1:decide[2].finale  ; work         ;
;       |mux2to1:decide[30].finale| ; 1 (1)             ; 0 (0)        ; 0                 ; 0          ; 0    ; 0            ; |alu|mux5to1:choose|mux2to1:decide[30].finale ; work         ;
;       |mux2to1:decide[31].finale| ; 1 (1)             ; 0 (0)        ; 0                 ; 0          ; 0    ; 0            ; |alu|mux5to1:choose|mux2to1:decide[31].finale ; work         ;
;       |mux2to1:decide[32].finale| ; 1 (1)             ; 0 (0)        ; 0                 ; 0          ; 0    ; 0            ; |alu|mux5to1:choose|mux2to1:decide[32].finale ; work         ;
;       |mux2to1:decide[33].finale| ; 1 (1)             ; 0 (0)        ; 0                 ; 0          ; 0    ; 0            ; |alu|mux5to1:choose|mux2to1:decide[33].finale ; work         ;
;       |mux2to1:decide[34].finale| ; 1 (1)             ; 0 (0)        ; 0                 ; 0          ; 0    ; 0            ; |alu|mux5to1:choose|mux2to1:decide[34].finale ; work         ;
;       |mux2to1:decide[35].finale| ; 1 (1)             ; 0 (0)        ; 0                 ; 0          ; 0    ; 0            ; |alu|mux5to1:choose|mux2to1:decide[35].finale ; work         ;
;       |mux2to1:decide[36].finale| ; 1 (1)             ; 0 (0)        ; 0                 ; 0          ; 0    ; 0            ; |alu|mux5to1:choose|mux2to1:decide[36].finale ; work         ;
;       |mux2to1:decide[37].finale| ; 1 (1)             ; 0 (0)        ; 0                 ; 0          ; 0    ; 0            ; |alu|mux5to1:choose|mux2to1:decide[37].finale ; work         ;
;       |mux2to1:decide[38].finale| ; 1 (1)             ; 0 (0)        ; 0                 ; 0          ; 0    ; 0            ; |alu|mux5to1:choose|mux2to1:decide[38].finale ; work         ;
;       |mux2to1:decide[39].finale| ; 1 (1)             ; 0 (0)        ; 0                 ; 0          ; 0    ; 0            ; |alu|mux5to1:choose|mux2to1:decide[39].finale ; work         ;
;       |mux2to1:decide[3].finale|  ; 1 (1)             ; 0 (0)        ; 0                 ; 0          ; 0    ; 0            ; |alu|mux5to1:choose|mux2to1:decide[3].finale  ; work         ;
;       |mux2to1:decide[40].finale| ; 1 (1)             ; 0 (0)        ; 0                 ; 0          ; 0    ; 0            ; |alu|mux5to1:choose|mux2to1:decide[40].finale ; work         ;
;       |mux2to1:decide[41].finale| ; 1 (1)             ; 0 (0)        ; 0                 ; 0          ; 0    ; 0            ; |alu|mux5to1:choose|mux2to1:decide[41].finale ; work         ;
;       |mux2to1:decide[42].finale| ; 1 (1)             ; 0 (0)        ; 0                 ; 0          ; 0    ; 0            ; |alu|mux5to1:choose|mux2to1:decide[42].finale ; work         ;
;       |mux2to1:decide[43].finale| ; 1 (1)             ; 0 (0)        ; 0                 ; 0          ; 0    ; 0            ; |alu|mux5to1:choose|mux2to1:decide[43].finale ; work         ;
;       |mux2to1:decide[44].finale| ; 1 (1)             ; 0 (0)        ; 0                 ; 0          ; 0    ; 0            ; |alu|mux5to1:choose|mux2to1:decide[44].finale ; work         ;
;       |mux2to1:decide[45].finale| ; 1 (1)             ; 0 (0)        ; 0                 ; 0          ; 0    ; 0            ; |alu|mux5to1:choose|mux2to1:decide[45].finale ; work         ;
;       |mux2to1:decide[46].finale| ; 1 (1)             ; 0 (0)        ; 0                 ; 0          ; 0    ; 0            ; |alu|mux5to1:choose|mux2to1:decide[46].finale ; work         ;
;       |mux2to1:decide[47].finale| ; 1 (1)             ; 0 (0)        ; 0                 ; 0          ; 0    ; 0            ; |alu|mux5to1:choose|mux2to1:decide[47].finale ; work         ;
;       |mux2to1:decide[48].finale| ; 1 (1)             ; 0 (0)        ; 0                 ; 0          ; 0    ; 0            ; |alu|mux5to1:choose|mux2to1:decide[48].finale ; work         ;
;       |mux2to1:decide[49].finale| ; 1 (1)             ; 0 (0)        ; 0                 ; 0          ; 0    ; 0            ; |alu|mux5to1:choose|mux2to1:decide[49].finale ; work         ;
;       |mux2to1:decide[4].finale|  ; 1 (1)             ; 0 (0)        ; 0                 ; 0          ; 0    ; 0            ; |alu|mux5to1:choose|mux2to1:decide[4].finale  ; work         ;
;       |mux2to1:decide[50].finale| ; 1 (1)             ; 0 (0)        ; 0                 ; 0          ; 0    ; 0            ; |alu|mux5to1:choose|mux2to1:decide[50].finale ; work         ;
;       |mux2to1:decide[51].finale| ; 1 (1)             ; 0 (0)        ; 0                 ; 0          ; 0    ; 0            ; |alu|mux5to1:choose|mux2to1:decide[51].finale ; work         ;
;       |mux2to1:decide[52].finale| ; 1 (1)             ; 0 (0)        ; 0                 ; 0          ; 0    ; 0            ; |alu|mux5to1:choose|mux2to1:decide[52].finale ; work         ;
;       |mux2to1:decide[53].finale| ; 1 (1)             ; 0 (0)        ; 0                 ; 0          ; 0    ; 0            ; |alu|mux5to1:choose|mux2to1:decide[53].finale ; work         ;
;       |mux2to1:decide[54].finale| ; 1 (1)             ; 0 (0)        ; 0                 ; 0          ; 0    ; 0            ; |alu|mux5to1:choose|mux2to1:decide[54].finale ; work         ;
;       |mux2to1:decide[55].finale| ; 1 (1)             ; 0 (0)        ; 0                 ; 0          ; 0    ; 0            ; |alu|mux5to1:choose|mux2to1:decide[55].finale ; work         ;
;       |mux2to1:decide[56].finale| ; 1 (1)             ; 0 (0)        ; 0                 ; 0          ; 0    ; 0            ; |alu|mux5to1:choose|mux2to1:decide[56].finale ; work         ;
;       |mux2to1:decide[57].finale| ; 1 (1)             ; 0 (0)        ; 0                 ; 0          ; 0    ; 0            ; |alu|mux5to1:choose|mux2to1:decide[57].finale ; work         ;
;       |mux2to1:decide[58].finale| ; 1 (1)             ; 0 (0)        ; 0                 ; 0          ; 0    ; 0            ; |alu|mux5to1:choose|mux2to1:decide[58].finale ; work         ;
;       |mux2to1:decide[59].finale| ; 1 (1)             ; 0 (0)        ; 0                 ; 0          ; 0    ; 0            ; |alu|mux5to1:choose|mux2to1:decide[59].finale ; work         ;
;       |mux2to1:decide[5].finale|  ; 1 (1)             ; 0 (0)        ; 0                 ; 0          ; 0    ; 0            ; |alu|mux5to1:choose|mux2to1:decide[5].finale  ; work         ;
;       |mux2to1:decide[60].finale| ; 1 (1)             ; 0 (0)        ; 0                 ; 0          ; 0    ; 0            ; |alu|mux5to1:choose|mux2to1:decide[60].finale ; work         ;
;       |mux2to1:decide[61].finale| ; 1 (1)             ; 0 (0)        ; 0                 ; 0          ; 0    ; 0            ; |alu|mux5to1:choose|mux2to1:decide[61].finale ; work         ;
;       |mux2to1:decide[62].finale| ; 1 (1)             ; 0 (0)        ; 0                 ; 0          ; 0    ; 0            ; |alu|mux5to1:choose|mux2to1:decide[62].finale ; work         ;
;       |mux2to1:decide[63].finale| ; 1 (1)             ; 0 (0)        ; 0                 ; 0          ; 0    ; 0            ; |alu|mux5to1:choose|mux2to1:decide[63].finale ; work         ;
;       |mux2to1:decide[6].finale|  ; 1 (1)             ; 0 (0)        ; 0                 ; 0          ; 0    ; 0            ; |alu|mux5to1:choose|mux2to1:decide[6].finale  ; work         ;
;       |mux2to1:decide[7].finale|  ; 1 (1)             ; 0 (0)        ; 0                 ; 0          ; 0    ; 0            ; |alu|mux5to1:choose|mux2to1:decide[7].finale  ; work         ;
;       |mux2to1:decide[8].finale|  ; 1 (1)             ; 0 (0)        ; 0                 ; 0          ; 0    ; 0            ; |alu|mux5to1:choose|mux2to1:decide[8].finale  ; work         ;
;       |mux2to1:decide[9].finale|  ; 1 (1)             ; 0 (0)        ; 0                 ; 0          ; 0    ; 0            ; |alu|mux5to1:choose|mux2to1:decide[9].finale  ; work         ;
;    |zero:check|                   ; 16 (16)           ; 0 (0)        ; 0                 ; 0          ; 0    ; 0            ; |alu|zero:check                               ; work         ;
+-----------------------------------+-------------------+--------------+-------------------+------------+------+--------------+-----------------------------------------------+--------------+
Note: For table entries with two numbers listed, the numbers in parentheses indicate the number of resources of the given type used by the specific entity alone. The numbers listed outside of parentheses indicate the total resources of the given type used by the specific entity and all of its sub-entities in the hierarchy.


+------------------------------------------------------+
; General Register Statistics                          ;
+----------------------------------------------+-------+
; Statistic                                    ; Value ;
+----------------------------------------------+-------+
; Total registers                              ; 0     ;
; Number of registers using Synchronous Clear  ; 0     ;
; Number of registers using Synchronous Load   ; 0     ;
; Number of registers using Asynchronous Clear ; 0     ;
; Number of registers using Asynchronous Load  ; 0     ;
; Number of registers using Clock Enable       ; 0     ;
; Number of registers using Preset             ; 0     ;
+----------------------------------------------+-------+


+----------------------------------------------------------------------------------------------------------------------------------------------------------------+
; Multiplexer Restructuring Statistics (Restructuring Performed)                                                                                                 ;
+--------------------+-----------+---------------+----------------------+------------------------+------------+--------------------------------------------------+
; Multiplexer Inputs ; Bus Width ; Baseline Area ; Area if Restructured ; Saving if Restructured ; Registered ; Example Multiplexer Output                       ;
+--------------------+-----------+---------------+----------------------+------------------------+------------+--------------------------------------------------+
; 5:1                ; 64 bits   ; 192 LEs       ; 192 LEs              ; 0 LEs                  ; No         ; |alu|mux5to1:choose|mux2to1:decide[0].finale|out ;
+--------------------+-----------+---------------+----------------------+------------------------+------------+--------------------------------------------------+


+------------------------------------------+
; Port Connectivity Checks: "mux2to1:flow" ;
+------+-------+----------+----------------+
; Port ; Type  ; Severity ; Details        ;
+------+-------+----------+----------------+
; i0   ; Input ; Info     ; Stuck at GND   ;
+------+-------+----------+----------------+


+-------------------------------------------+
; Port Connectivity Checks: "mux2to1:carry" ;
+------+-------+----------+-----------------+
; Port ; Type  ; Severity ; Details         ;
+------+-------+----------+-----------------+
; i0   ; Input ; Info     ; Stuck at GND    ;
+------+-------+----------+-----------------+


+-----------------------------------------------------+
; Post-Synthesis Netlist Statistics for Top Partition ;
+-----------------------+-----------------------------+
; Type                  ; Count                       ;
+-----------------------+-----------------------------+
; arriav_lcell_comb     ; 233                         ;
;     normal            ; 233                         ;
;         1 data inputs ; 1                           ;
;         2 data inputs ; 63                          ;
;         3 data inputs ; 57                          ;
;         4 data inputs ; 4                           ;
;         5 data inputs ; 20                          ;
;         6 data inputs ; 88                          ;
; boundary_port         ; 199                         ;
;                       ;                             ;
; Max LUT depth         ; 29.00                       ;
; Average LUT depth     ; 20.59                       ;
+-----------------------+-----------------------------+


+-------------------------------+
; Elapsed Time Per Partition    ;
+----------------+--------------+
; Partition Name ; Elapsed Time ;
+----------------+--------------+
; Top            ; 00:00:02     ;
+----------------+--------------+


+-------------------------------+
; Analysis & Synthesis Messages ;
+-------------------------------+
Info: *******************************************************************
Info: Running Quartus II 64-Bit Analysis & Synthesis
    Info: Version 14.0.0 Build 200 06/17/2014 SJ Web Edition
    Info: Processing started: Sun Feb 04 11:11:19 2018
Info: Command: quartus_map --read_settings_files=on --write_settings_files=off alu -c alu
Info (11104): Parallel Compilation has detected 4 hyper-threaded processors. However, the extra hyper-threaded processors will not be used by default. Parallel Compilation will use 2 of the 2 physical processors detected instead.
Info (12021): Found 1 design units, including 1 entities, in source file mux5to1.sv
    Info (12023): Found entity 1: mux5to1
Info (12021): Found 1 design units, including 1 entities, in source file mux2to1.v
    Info (12023): Found entity 1: mux2to1
Info (12021): Found 4 design units, including 4 entities, in source file gatelogic.v
    Info (12023): Found entity 1: zero
    Info (12023): Found entity 2: bitAND
    Info (12023): Found entity 3: bitOR
    Info (12023): Found entity 4: bitXOR
Info (12021): Found 2 design units, including 2 entities, in source file arithmetic.v
    Info (12023): Found entity 1: arithmetic
    Info (12023): Found entity 2: adder
Info (12021): Found 1 design units, including 1 entities, in source file alustim.sv
    Info (12023): Found entity 1: alustim
Info (12021): Found 1 design units, including 1 entities, in source file alu.v
    Info (12023): Found entity 1: alu
Info (12127): Elaborating entity "alu" for the top level hierarchy
Info (12128): Elaborating entity "bitAND" for hierarchy "bitAND:ANDbit"
Info (12128): Elaborating entity "bitOR" for hierarchy "bitOR:ORbit"
Info (12128): Elaborating entity "bitXOR" for hierarchy "bitXOR:XORbit"
Info (12128): Elaborating entity "arithmetic" for hierarchy "arithmetic:ADDorSUB"
Info (12128): Elaborating entity "adder" for hierarchy "arithmetic:ADDorSUB|adder:math[0].add"
Info (12128): Elaborating entity "mux5to1" for hierarchy "mux5to1:choose"
Info (12128): Elaborating entity "mux2to1" for hierarchy "mux5to1:choose|mux2to1:decide[0].ANDtoOR"
Info (12128): Elaborating entity "zero" for hierarchy "zero:check"
Info (286030): Timing-Driven Synthesis is running
Info (16010): Generating hard_block partition "hard_block:auto_generated_inst"
    Info (16011): Adding 0 node(s), including 0 DDIO, 0 PLL, 0 transceiver and 0 LCELL
Info (21057): Implemented 431 device resources after synthesis - the final resource count might be different
    Info (21058): Implemented 131 input pins
    Info (21059): Implemented 68 output pins
    Info (21061): Implemented 232 logic cells
Info: Quartus II 64-Bit Analysis & Synthesis was successful. 0 errors, 0 warnings
    Info: Peak virtual memory: 673 megabytes
    Info: Processing ended: Sun Feb 04 11:11:25 2018
    Info: Elapsed time: 00:00:06
    Info: Total CPU time (on all processors): 00:00:06


