#! c:/iverilog-x64/bin/vvp
:ivl_version "10.1 (stable)" "(v10_1_1)";
:ivl_delay_selection "TYPICAL";
:vpi_time_precision - 11;
:vpi_module "system";
:vpi_module "vhdl_sys";
:vpi_module "v2005_math";
:vpi_module "va_math";
S_0000000002885160 .scope module, "tb_control" "tb_control" 2 3;
 .timescale -9 -11;
v00000000028e5e70_0 .net "ALUOp", 1 0, L_00000000028e8fc0;  1 drivers
v00000000028e5c90_0 .net "ALUSrc", 0 0, L_00000000028e7640;  1 drivers
v00000000028e6410_0 .net "Branch", 0 0, L_00000000028e82a0;  1 drivers
v00000000028e6910_0 .net "MemRead", 0 0, L_00000000028e9740;  1 drivers
v00000000028e5a10_0 .net "MemWrite", 0 0, L_00000000028e9600;  1 drivers
v00000000028e5f10_0 .net "MemtoReg", 0 0, L_00000000028e7da0;  1 drivers
v00000000028e6a50_0 .net "Reg2Loc", 0 0, L_00000000028e8660;  1 drivers
v00000000028e65f0_0 .net "RegWrite", 0 0, L_00000000028e76b0;  1 drivers
v00000000028e6cd0_0 .var "instruct", 10 0;
S_0000000002888880 .scope module, "dut" "control" 2 10, 3 2 0, S_0000000002885160;
 .timescale -9 -11;
    .port_info 0 /INPUT 11 "instruct"
    .port_info 1 /OUTPUT 1 "Reg2Loc"
    .port_info 2 /OUTPUT 1 "Branch"
    .port_info 3 /OUTPUT 1 "MemRead"
    .port_info 4 /OUTPUT 1 "MemtoReg"
    .port_info 5 /OUTPUT 2 "ALUOp"
    .port_info 6 /OUTPUT 1 "MemWrite"
    .port_info 7 /OUTPUT 1 "ALUSrc"
    .port_info 8 /OUTPUT 1 "RegWrite"
L_0000000002888a00 .functor NOT 1, L_00000000028e4f70, C4<0>, C4<0>, C4<0>;
L_0000000002832f70 .functor NOT 1, L_00000000028e5510, C4<0>, C4<0>, C4<0>;
L_0000000002832fe0 .functor NOT 1, L_00000000028e5010, C4<0>, C4<0>, C4<0>;
L_0000000002833050 .functor NOT 1, L_00000000028e6050, C4<0>, C4<0>, C4<0>;
L_00000000028330c0 .functor NOT 1, L_00000000028e4e30, C4<0>, C4<0>, C4<0>;
L_0000000002833130 .functor NOT 1, L_00000000028e6230, C4<0>, C4<0>, C4<0>;
L_00000000028331a0 .functor NAND 1, L_00000000028e53d0, L_00000000028e6550, L_00000000028e62d0, C4<1>;
L_0000000002833320 .functor NAND 1, L_00000000028e5830, L_00000000028e55b0, L_00000000028e6370, C4<1>;
L_00000000028e75d0 .functor AND 1, L_00000000028e5ab0, L_00000000028e67d0, L_00000000028e6870, C4<1>;
L_00000000028e7560 .functor AND 1, L_00000000028e50b0, L_00000000028e5650, L_00000000028e69b0, C4<1>;
L_00000000028e7330 .functor AND 1, L_00000000028e5290, L_00000000028e6af0, L_00000000028e6b90, L_00000000028e58d0;
L_00000000028e7480 .functor NAND 1, L_00000000028e4ed0, L_00000000028e5150, C4<1>, C4<1>;
L_00000000028e7950 .functor AND 1, L_00000000028e9240, L_00000000028e99c0, L_00000000028e9ba0, C4<1>;
L_00000000028e73a0 .functor AND 1, L_00000000028e8a20, L_00000000028e9a60, L_00000000028e83e0, C4<1>;
L_00000000028e74f0 .functor AND 1, L_00000000028e85c0, L_00000000028e92e0, C4<1>, C4<1>;
L_00000000028e7250 .functor NAND 1, L_00000000028e8ca0, L_00000000028e7d00, C4<1>, C4<1>;
L_00000000028e72c0 .functor AND 1, L_00000000028e8de0, L_00000000028e9b00, C4<1>, C4<1>;
L_00000000028e7410 .functor AND 1, L_00000000028e91a0, L_00000000028e8f20, C4<1>, C4<1>;
L_00000000028e7640 .functor OR 1, L_00000000028e8d40, L_00000000028e8e80, C4<0>, C4<0>;
L_00000000028e76b0 .functor OR 1, L_00000000028e80c0, L_00000000028e8ac0, C4<0>, C4<0>;
v000000000287e990_0 .net "ALUOp", 1 0, L_00000000028e8fc0;  alias, 1 drivers
v000000000287ecb0_0 .net "ALUSrc", 0 0, L_00000000028e7640;  alias, 1 drivers
v000000000287ead0_0 .net "Branch", 0 0, L_00000000028e82a0;  alias, 1 drivers
v000000000287eb70_0 .net "MemRead", 0 0, L_00000000028e9740;  alias, 1 drivers
v000000000287ed50_0 .net "MemWrite", 0 0, L_00000000028e9600;  alias, 1 drivers
v000000000287f110_0 .net "MemtoReg", 0 0, L_00000000028e7da0;  alias, 1 drivers
v00000000028788c0_0 .net "Reg2Loc", 0 0, L_00000000028e8660;  alias, 1 drivers
v0000000002877b00_0 .net "RegWrite", 0 0, L_00000000028e76b0;  alias, 1 drivers
v00000000028779c0_0 .net *"_s101", 0 0, L_00000000028e8a20;  1 drivers
v0000000002878280_0 .net *"_s103", 0 0, L_00000000028e9a60;  1 drivers
v00000000028e3730_0 .net *"_s105", 0 0, L_00000000028e83e0;  1 drivers
v00000000028e3690_0 .net *"_s107", 0 0, L_00000000028e74f0;  1 drivers
v00000000028e3230_0 .net *"_s11", 0 0, L_00000000028e5510;  1 drivers
v00000000028e39b0_0 .net *"_s110", 0 0, L_00000000028e85c0;  1 drivers
v00000000028e37d0_0 .net *"_s112", 0 0, L_00000000028e92e0;  1 drivers
v00000000028e3870_0 .net *"_s114", 0 0, L_00000000028e7250;  1 drivers
v00000000028e32d0_0 .net *"_s117", 0 0, L_00000000028e8ca0;  1 drivers
v00000000028e3a50_0 .net *"_s119", 0 0, L_00000000028e7d00;  1 drivers
v00000000028e4630_0 .net *"_s121", 0 0, L_00000000028e72c0;  1 drivers
v00000000028e2e70_0 .net *"_s124", 0 0, L_00000000028e8de0;  1 drivers
v00000000028e30f0_0 .net *"_s126", 0 0, L_00000000028e9b00;  1 drivers
v00000000028e3910_0 .net *"_s128", 0 0, L_00000000028e7410;  1 drivers
v00000000028e2bf0_0 .net *"_s13", 0 0, L_0000000002832fe0;  1 drivers
v00000000028e3af0_0 .net *"_s132", 0 0, L_00000000028e91a0;  1 drivers
v00000000028e2d30_0 .net *"_s134", 0 0, L_00000000028e8f20;  1 drivers
v00000000028e3cd0_0 .net *"_s139", 0 0, L_00000000028e8d40;  1 drivers
v00000000028e3b90_0 .net *"_s141", 0 0, L_00000000028e8e80;  1 drivers
v00000000028e3e10_0 .net *"_s146", 0 0, L_00000000028e80c0;  1 drivers
v00000000028e44f0_0 .net *"_s148", 0 0, L_00000000028e8ac0;  1 drivers
v00000000028e4090_0 .net *"_s156", 0 0, L_00000000028e9420;  1 drivers
v00000000028e35f0_0 .net *"_s158", 0 0, L_00000000028e8b60;  1 drivers
v00000000028e2f10_0 .net *"_s16", 0 0, L_00000000028e5010;  1 drivers
v00000000028e3d70_0 .net *"_s18", 0 0, L_0000000002833050;  1 drivers
v00000000028e3370_0 .net *"_s21", 0 0, L_00000000028e6050;  1 drivers
v00000000028e2fb0_0 .net *"_s23", 0 0, L_00000000028330c0;  1 drivers
v00000000028e4810_0 .net *"_s26", 0 0, L_00000000028e4e30;  1 drivers
v00000000028e3050_0 .net *"_s28", 0 0, L_0000000002833130;  1 drivers
v00000000028e4590_0 .net *"_s3", 0 0, L_0000000002888a00;  1 drivers
v00000000028e3c30_0 .net *"_s32", 0 0, L_00000000028e6230;  1 drivers
v00000000028e4450_0 .net *"_s34", 0 0, L_00000000028331a0;  1 drivers
v00000000028e3550_0 .net *"_s37", 0 0, L_00000000028e53d0;  1 drivers
v00000000028e4130_0 .net *"_s39", 0 0, L_00000000028e6550;  1 drivers
v00000000028e46d0_0 .net *"_s41", 0 0, L_00000000028e62d0;  1 drivers
v00000000028e3eb0_0 .net *"_s43", 0 0, L_0000000002833320;  1 drivers
v00000000028e41d0_0 .net *"_s46", 0 0, L_00000000028e5830;  1 drivers
v00000000028e3190_0 .net *"_s48", 0 0, L_00000000028e55b0;  1 drivers
v00000000028e3410_0 .net *"_s50", 0 0, L_00000000028e6370;  1 drivers
v00000000028e3f50_0 .net *"_s52", 0 0, L_00000000028e75d0;  1 drivers
v00000000028e34b0_0 .net *"_s55", 0 0, L_00000000028e5ab0;  1 drivers
v00000000028e3ff0_0 .net *"_s57", 0 0, L_00000000028e67d0;  1 drivers
v00000000028e4270_0 .net *"_s59", 0 0, L_00000000028e6870;  1 drivers
v00000000028e43b0_0 .net *"_s6", 0 0, L_00000000028e4f70;  1 drivers
v00000000028e4310_0 .net *"_s61", 0 0, L_00000000028e7560;  1 drivers
v00000000028e4770_0 .net *"_s64", 0 0, L_00000000028e50b0;  1 drivers
v00000000028e48b0_0 .net *"_s66", 0 0, L_00000000028e5650;  1 drivers
v00000000028e2a10_0 .net *"_s68", 0 0, L_00000000028e69b0;  1 drivers
v00000000028e2ab0_0 .net *"_s70", 0 0, L_00000000028e7330;  1 drivers
v00000000028e2b50_0 .net *"_s73", 0 0, L_00000000028e5290;  1 drivers
v00000000028e2c90_0 .net *"_s75", 0 0, L_00000000028e6af0;  1 drivers
v00000000028e2dd0_0 .net *"_s77", 0 0, L_00000000028e6b90;  1 drivers
v00000000028e5d30_0 .net *"_s79", 0 0, L_00000000028e58d0;  1 drivers
v00000000028e56f0_0 .net *"_s8", 0 0, L_0000000002832f70;  1 drivers
v00000000028e6c30_0 .net *"_s81", 0 0, L_00000000028e7480;  1 drivers
v00000000028e5470_0 .net *"_s84", 0 0, L_00000000028e4ed0;  1 drivers
v00000000028e6190_0 .net *"_s86", 0 0, L_00000000028e5150;  1 drivers
v00000000028e5dd0_0 .net *"_s88", 0 0, L_00000000028e7950;  1 drivers
v00000000028e5790_0 .net *"_s91", 0 0, L_00000000028e9240;  1 drivers
v00000000028e5970_0 .net *"_s93", 0 0, L_00000000028e99c0;  1 drivers
v00000000028e64b0_0 .net *"_s95", 0 0, L_00000000028e9ba0;  1 drivers
v00000000028e5b50_0 .net *"_s97", 0 0, L_00000000028e73a0;  1 drivers
v00000000028e6690_0 .net "format", 3 0, L_00000000028e9380;  1 drivers
v00000000028e5330_0 .net "instruct", 10 0, v00000000028e6cd0_0;  1 drivers
v00000000028e5bf0_0 .net "ninst", 5 0, L_00000000028e60f0;  1 drivers
v00000000028e5fb0_0 .net "temp", 5 0, L_00000000028e6730;  1 drivers
v00000000028e51f0_0 .net "tin0", 7 0, L_00000000028e8200;  1 drivers
L_00000000028e6730 .part v00000000028e6cd0_0, 5, 6;
L_00000000028e4f70 .part L_00000000028e6730, 0, 1;
L_00000000028e5510 .part L_00000000028e6730, 1, 1;
L_00000000028e5010 .part L_00000000028e6730, 2, 1;
L_00000000028e6050 .part L_00000000028e6730, 3, 1;
L_00000000028e4e30 .part L_00000000028e6730, 4, 1;
LS_00000000028e60f0_0_0 .concat8 [ 1 1 1 1], L_0000000002888a00, L_0000000002832f70, L_0000000002832fe0, L_0000000002833050;
LS_00000000028e60f0_0_4 .concat8 [ 1 1 0 0], L_00000000028330c0, L_0000000002833130;
L_00000000028e60f0 .concat8 [ 4 2 0 0], LS_00000000028e60f0_0_0, LS_00000000028e60f0_0_4;
L_00000000028e6230 .part L_00000000028e6730, 5, 1;
L_00000000028e53d0 .part L_00000000028e6730, 0, 1;
L_00000000028e6550 .part L_00000000028e6730, 1, 1;
L_00000000028e62d0 .part L_00000000028e6730, 2, 1;
L_00000000028e5830 .part L_00000000028e6730, 3, 1;
L_00000000028e55b0 .part L_00000000028e6730, 4, 1;
L_00000000028e6370 .part L_00000000028e6730, 5, 1;
L_00000000028e5ab0 .part L_00000000028e6730, 5, 1;
L_00000000028e67d0 .part L_00000000028e6730, 1, 1;
L_00000000028e6870 .part L_00000000028e6730, 0, 1;
L_00000000028e50b0 .part L_00000000028e60f0, 4, 1;
L_00000000028e5650 .part L_00000000028e60f0, 3, 1;
L_00000000028e69b0 .part L_00000000028e60f0, 2, 1;
L_00000000028e5290 .part L_00000000028e6730, 5, 1;
L_00000000028e6af0 .part L_00000000028e6730, 3, 1;
L_00000000028e6b90 .part L_00000000028e6730, 1, 1;
L_00000000028e58d0 .part L_00000000028e6730, 0, 1;
L_00000000028e4ed0 .part L_00000000028e60f0, 4, 1;
L_00000000028e5150 .part L_00000000028e60f0, 2, 1;
L_00000000028e9240 .part L_00000000028e6730, 5, 1;
L_00000000028e99c0 .part L_00000000028e6730, 4, 1;
L_00000000028e9ba0 .part L_00000000028e6730, 3, 1;
LS_00000000028e8200_0_0 .concat8 [ 1 1 1 1], L_00000000028331a0, L_0000000002833320, L_00000000028e75d0, L_00000000028e7560;
LS_00000000028e8200_0_4 .concat8 [ 1 1 1 1], L_00000000028e7330, L_00000000028e7480, L_00000000028e7950, L_00000000028e73a0;
L_00000000028e8200 .concat8 [ 4 4 0 0], LS_00000000028e8200_0_0, LS_00000000028e8200_0_4;
L_00000000028e8a20 .part L_00000000028e6730, 0, 1;
L_00000000028e9a60 .part L_00000000028e6730, 1, 1;
L_00000000028e83e0 .part L_00000000028e60f0, 2, 1;
L_00000000028e85c0 .part L_00000000028e8200, 0, 1;
L_00000000028e92e0 .part L_00000000028e8200, 1, 1;
L_00000000028e8ca0 .part L_00000000028e8200, 2, 1;
L_00000000028e7d00 .part L_00000000028e8200, 3, 1;
L_00000000028e8de0 .part L_00000000028e8200, 4, 1;
L_00000000028e9b00 .part L_00000000028e8200, 5, 1;
L_00000000028e9380 .concat8 [ 1 1 1 1], L_00000000028e74f0, L_00000000028e7250, L_00000000028e72c0, L_00000000028e7410;
L_00000000028e91a0 .part L_00000000028e8200, 6, 1;
L_00000000028e8f20 .part L_00000000028e8200, 7, 1;
L_00000000028e8660 .part L_00000000028e9380, 0, 1;
L_00000000028e8d40 .part L_00000000028e9380, 1, 1;
L_00000000028e8e80 .part L_00000000028e9380, 2, 1;
L_00000000028e7da0 .part L_00000000028e9380, 1, 1;
L_00000000028e80c0 .part L_00000000028e9380, 0, 1;
L_00000000028e8ac0 .part L_00000000028e9380, 1, 1;
L_00000000028e9740 .part L_00000000028e9380, 1, 1;
L_00000000028e9600 .part L_00000000028e9380, 2, 1;
L_00000000028e82a0 .part L_00000000028e9380, 3, 1;
L_00000000028e9420 .part L_00000000028e9380, 0, 1;
L_00000000028e8b60 .part L_00000000028e9380, 3, 1;
L_00000000028e8fc0 .concat [ 1 1 0 0], L_00000000028e8b60, L_00000000028e9420;
    .scope S_0000000002885160;
T_0 ;
    %vpi_call 2 14 "$dumpfile", "control_wave.vcd" {0 0 0};
    %vpi_call 2 15 "$dumpvars", 32'sb00000000000000000000000000000001, S_0000000002888880 {0 0 0};
    %end;
    .thread T_0;
    .scope S_0000000002885160;
T_1 ;
    %pushi/vec4 1624, 0, 11;
    %assign/vec4 v00000000028e6cd0_0, 0;
    %delay 1000, 0;
    %pushi/vec4 1986, 0, 11;
    %assign/vec4 v00000000028e6cd0_0, 0;
    %delay 1000, 0;
    %pushi/vec4 1984, 0, 11;
    %assign/vec4 v00000000028e6cd0_0, 0;
    %delay 1000, 0;
    %pushi/vec4 1442, 0, 11;
    %assign/vec4 v00000000028e6cd0_0, 0;
    %delay 1000, 0;
    %vpi_call 2 28 "$stop" {0 0 0};
    %end;
    .thread T_1;
# The file index is used to find the file name in the following table.
:file_names 4;
    "N/A";
    "<interactive>";
    "tb_control.v";
    "./control.v";
