Analysis & Synthesis report for CPU
Sat Feb 10 14:54:28 2018
Quartus II 64-Bit Version 14.0.0 Build 200 06/17/2014 SJ Web Edition


---------------------
; Table of Contents ;
---------------------
  1. Legal Notice
  2. Analysis & Synthesis Summary
  3. Analysis & Synthesis Settings
  4. Parallel Compilation
  5. Analysis & Synthesis Messages
  6. Analysis & Synthesis Suppressed Messages



----------------
; Legal Notice ;
----------------
Copyright (C) 1991-2014 Altera Corporation. All rights reserved.
Your use of Altera Corporation's design tools, logic functions 
and other software and tools, and its AMPP partner logic 
functions, and any output files from any of the foregoing 
(including device programming or simulation files), and any 
associated documentation or information are expressly subject 
to the terms and conditions of the Altera Program License 
Subscription Agreement, the Altera Quartus II License Agreement,
the Altera MegaCore Function License Agreement, or other 
applicable license agreement, including, without limitation, 
that your use is for the sole purpose of programming logic 
devices manufactured by Altera and sold by Altera or its 
authorized distributors.  Please refer to the applicable 
agreement for further details.



+--------------------------------------------------------------------------+
; Analysis & Synthesis Summary                                             ;
+-----------------------------+--------------------------------------------+
; Analysis & Synthesis Status ; Failed - Sat Feb 10 14:54:28 2018          ;
; Quartus II 64-Bit Version   ; 14.0.0 Build 200 06/17/2014 SJ Web Edition ;
; Revision Name               ; CPU                                        ;
; Top-level Entity Name       ; CPU                                        ;
; Family                      ; Cyclone V                                  ;
; Logic utilization (in ALMs) ; N/A until Partition Merge                  ;
; Total registers             ; N/A until Partition Merge                  ;
; Total pins                  ; N/A until Partition Merge                  ;
; Total virtual pins          ; N/A until Partition Merge                  ;
; Total block memory bits     ; N/A until Partition Merge                  ;
; Total PLLs                  ; N/A until Partition Merge                  ;
; Total DLLs                  ; N/A until Partition Merge                  ;
+-----------------------------+--------------------------------------------+


+---------------------------------------------------------------------------------------------------------------------------+
; Analysis & Synthesis Settings                                                                                             ;
+---------------------------------------------------------------------------------+--------------------+--------------------+
; Option                                                                          ; Setting            ; Default Value      ;
+---------------------------------------------------------------------------------+--------------------+--------------------+
; Device                                                                          ; 5CGXFC7C7F23C8     ;                    ;
; Top-level entity name                                                           ; CPU                ; CPU                ;
; Family name                                                                     ; Cyclone V          ; Cyclone IV GX      ;
; Use smart compilation                                                           ; Off                ; Off                ;
; Enable parallel Assembler and TimeQuest Timing Analyzer during compilation      ; On                 ; On                 ;
; Enable compact report table                                                     ; Off                ; Off                ;
; Restructure Multiplexers                                                        ; Auto               ; Auto               ;
; MLAB Add Timing Constraints For Mixed-Port Feed-Through Mode Setting Don't Care ; Off                ; Off                ;
; Create Debugging Nodes for IP Cores                                             ; Off                ; Off                ;
; Preserve fewer node names                                                       ; On                 ; On                 ;
; Disable OpenCore Plus hardware evaluation                                       ; Off                ; Off                ;
; Verilog Version                                                                 ; Verilog_2001       ; Verilog_2001       ;
; VHDL Version                                                                    ; VHDL_1993          ; VHDL_1993          ;
; State Machine Processing                                                        ; Auto               ; Auto               ;
; Safe State Machine                                                              ; Off                ; Off                ;
; Extract Verilog State Machines                                                  ; On                 ; On                 ;
; Extract VHDL State Machines                                                     ; On                 ; On                 ;
; Ignore Verilog initial constructs                                               ; Off                ; Off                ;
; Iteration limit for constant Verilog loops                                      ; 5000               ; 5000               ;
; Iteration limit for non-constant Verilog loops                                  ; 250                ; 250                ;
; Add Pass-Through Logic to Inferred RAMs                                         ; On                 ; On                 ;
; Infer RAMs from Raw Logic                                                       ; On                 ; On                 ;
; Parallel Synthesis                                                              ; On                 ; On                 ;
; DSP Block Balancing                                                             ; Auto               ; Auto               ;
; NOT Gate Push-Back                                                              ; On                 ; On                 ;
; Power-Up Don't Care                                                             ; On                 ; On                 ;
; Remove Redundant Logic Cells                                                    ; Off                ; Off                ;
; Remove Duplicate Registers                                                      ; On                 ; On                 ;
; Ignore CARRY Buffers                                                            ; Off                ; Off                ;
; Ignore CASCADE Buffers                                                          ; Off                ; Off                ;
; Ignore GLOBAL Buffers                                                           ; Off                ; Off                ;
; Ignore ROW GLOBAL Buffers                                                       ; Off                ; Off                ;
; Ignore LCELL Buffers                                                            ; Off                ; Off                ;
; Ignore SOFT Buffers                                                             ; On                 ; On                 ;
; Limit AHDL Integers to 32 Bits                                                  ; Off                ; Off                ;
; Optimization Technique                                                          ; Balanced           ; Balanced           ;
; Carry Chain Length                                                              ; 70                 ; 70                 ;
; Auto Carry Chains                                                               ; On                 ; On                 ;
; Auto Open-Drain Pins                                                            ; On                 ; On                 ;
; Perform WYSIWYG Primitive Resynthesis                                           ; Off                ; Off                ;
; Auto ROM Replacement                                                            ; On                 ; On                 ;
; Auto RAM Replacement                                                            ; On                 ; On                 ;
; Auto DSP Block Replacement                                                      ; On                 ; On                 ;
; Auto Shift Register Replacement                                                 ; Auto               ; Auto               ;
; Allow Shift Register Merging across Hierarchies                                 ; Auto               ; Auto               ;
; Auto Clock Enable Replacement                                                   ; On                 ; On                 ;
; Strict RAM Replacement                                                          ; Off                ; Off                ;
; Allow Synchronous Control Signals                                               ; On                 ; On                 ;
; Force Use of Synchronous Clear Signals                                          ; Off                ; Off                ;
; Auto Resource Sharing                                                           ; Off                ; Off                ;
; Allow Any RAM Size For Recognition                                              ; Off                ; Off                ;
; Allow Any ROM Size For Recognition                                              ; Off                ; Off                ;
; Allow Any Shift Register Size For Recognition                                   ; Off                ; Off                ;
; Use LogicLock Constraints during Resource Balancing                             ; On                 ; On                 ;
; Ignore translate_off and synthesis_off directives                               ; Off                ; Off                ;
; Timing-Driven Synthesis                                                         ; On                 ; On                 ;
; Report Parameter Settings                                                       ; On                 ; On                 ;
; Report Source Assignments                                                       ; On                 ; On                 ;
; Report Connectivity Checks                                                      ; On                 ; On                 ;
; Ignore Maximum Fan-Out Assignments                                              ; Off                ; Off                ;
; Synchronization Register Chain Length                                           ; 3                  ; 3                  ;
; PowerPlay Power Optimization                                                    ; Normal compilation ; Normal compilation ;
; HDL message level                                                               ; Level2             ; Level2             ;
; Suppress Register Optimization Related Messages                                 ; Off                ; Off                ;
; Number of Removed Registers Reported in Synthesis Report                        ; 5000               ; 5000               ;
; Number of Swept Nodes Reported in Synthesis Report                              ; 5000               ; 5000               ;
; Number of Inverted Registers Reported in Synthesis Report                       ; 100                ; 100                ;
; Clock MUX Protection                                                            ; On                 ; On                 ;
; Auto Gated Clock Conversion                                                     ; Off                ; Off                ;
; Block Design Naming                                                             ; Auto               ; Auto               ;
; SDC constraint protection                                                       ; Off                ; Off                ;
; Synthesis Effort                                                                ; Auto               ; Auto               ;
; Shift Register Replacement - Allow Asynchronous Clear Signal                    ; On                 ; On                 ;
; Pre-Mapping Resynthesis Optimization                                            ; Off                ; Off                ;
; Analysis & Synthesis Message Level                                              ; Medium             ; Medium             ;
; Disable Register Merging Across Hierarchies                                     ; Auto               ; Auto               ;
; Resource Aware Inference For Block RAM                                          ; On                 ; On                 ;
; Synthesis Seed                                                                  ; 1                  ; 1                  ;
; Automatic Parallel Synthesis                                                    ; On                 ; On                 ;
; Partial Reconfiguration Bitstream ID                                            ; Off                ; Off                ;
+---------------------------------------------------------------------------------+--------------------+--------------------+


+------------------------------------------+
; Parallel Compilation                     ;
+----------------------------+-------------+
; Processors                 ; Number      ;
+----------------------------+-------------+
; Number detected on machine ; 4           ;
; Maximum allowed            ; 2           ;
;                            ;             ;
; Average used               ; 1.00        ;
; Maximum used               ; 1           ;
;                            ;             ;
; Usage by Processor         ; % Time Used ;
;     Processor 1            ; 100.0%      ;
;     Processors 2-4         ;   0.0%      ;
+----------------------------+-------------+


+-------------------------------+
; Analysis & Synthesis Messages ;
+-------------------------------+
Info: *******************************************************************
Info: Running Quartus II 64-Bit Analysis & Synthesis
    Info: Version 14.0.0 Build 200 06/17/2014 SJ Web Edition
    Info: Processing started: Sat Feb 10 14:54:27 2018
Info: Command: quartus_map --read_settings_files=on --write_settings_files=off CPU -c CPU
Info (11104): Parallel Compilation has detected 4 hyper-threaded processors. However, the extra hyper-threaded processors will not be used by default. Parallel Compilation will use 2 of the 2 physical processors detected instead.
Info (12021): Found 1 design units, including 1 entities, in source file regfile.sv
    Info (12023): Found entity 1: regfile
Info (12021): Found 4 design units, including 4 entities, in source file multiplex.sv
    Info (12023): Found entity 1: multiplex
    Info (12023): Found entity 2: mux32to1
    Info (12023): Found entity 3: mux4to1
    Info (12023): Found entity 4: mux2to1other
Info (12021): Found 4 design units, including 4 entities, in source file math.sv
    Info (12023): Found entity 1: mult
    Info (12023): Found entity 2: shifter
    Info (12023): Found entity 3: shifter_testbench
    Info (12023): Found entity 4: mult_testbench
Info (12021): Found 2 design units, including 2 entities, in source file instructmem.sv
    Info (12023): Found entity 1: instructmem
    Info (12023): Found entity 2: instructmem_testbench
Info (12021): Found 2 design units, including 2 entities, in source file datamem.sv
    Info (12023): Found entity 1: datamem
    Info (12023): Found entity 2: datamem_testbench
Info (12021): Found 2 design units, including 2 entities, in source file submodules.v
    Info (12023): Found entity 1: signExtend
    Info (12023): Found entity 2: lsl
Info (12021): Found 1 design units, including 1 entities, in source file register.v
    Info (12023): Found entity 1: register
Info (12021): Found 1 design units, including 1 entities, in source file programcounter.v
    Info (12023): Found entity 1: programCounter
Info (12021): Found 1 design units, including 1 entities, in source file mux5to1.v
    Info (12023): Found entity 1: mux5to1
Info (12021): Found 1 design units, including 1 entities, in source file mux2to1.v
    Info (12023): Found entity 1: mux2to1
Info (12021): Found 4 design units, including 4 entities, in source file gatelogic.v
    Info (12023): Found entity 1: zero
    Info (12023): Found entity 2: bitAND
    Info (12023): Found entity 3: bitOR
    Info (12023): Found entity 4: bitXOR
Info (12021): Found 1 design units, including 1 entities, in source file fulladd.v
    Info (12023): Found entity 1: adder
Info (12021): Found 1 design units, including 1 entities, in source file d_ff.v
    Info (12023): Found entity 1: D_FF
Info (12021): Found 3 design units, including 3 entities, in source file decoder.v
    Info (12023): Found entity 1: decoder
    Info (12023): Found entity 2: decoder3to8
    Info (12023): Found entity 3: decoder2to4
Info (12021): Found 1 design units, including 1 entities, in source file control.v
    Info (12023): Found entity 1: control
Info (12021): Found 1 design units, including 1 entities, in source file arithmetic.v
    Info (12023): Found entity 1: arithmetic
Info (12021): Found 1 design units, including 1 entities, in source file alucontrol.v
    Info (12023): Found entity 1: ALUcontrol
Info (12021): Found 1 design units, including 1 entities, in source file alu.v
    Info (12023): Found entity 1: alu
Info (12021): Found 1 design units, including 1 entities, in source file cpu.sv
    Info (12023): Found entity 1: CPU
Info (12127): Elaborating entity "CPU" for the top level hierarchy
Error (12061): Can't synthesize current design -- Top partition does not contain any logic
Info (144001): Generated suppressed messages file C:/Users/ivanz/Documents/GitHub/CSEE469/lab3/CPU.map.smsg
Error: Quartus II 64-Bit Analysis & Synthesis was unsuccessful. 1 error, 0 warnings
    Error: Peak virtual memory: 634 megabytes
    Error: Processing ended: Sat Feb 10 14:54:29 2018
    Error: Elapsed time: 00:00:02
    Error: Total CPU time (on all processors): 00:00:02


+------------------------------------------+
; Analysis & Synthesis Suppressed Messages ;
+------------------------------------------+
The suppressed messages can be found in C:/Users/ivanz/Documents/GitHub/CSEE469/lab3/CPU.map.smsg.


